This file contains any messages produced by compilers while
running configure, to aid debugging if configure makes a mistake.

It was created by iputils configure 0.1, which was
generated by GNU Autoconf 2.63.  Invocation command line was

  $ ./configure 

## --------- ##
## Platform. ##
## --------- ##

hostname = lucas.mgmt.gvt.net.br
uname -m = x86_64
uname -r = 2.6.32-504.12.2.el6.x86_64
uname -s = Linux
uname -v = #1 SMP Wed Mar 11 22:03:14 UTC 2015

/usr/bin/uname -p = unknown
/bin/uname -X     = unknown

/bin/arch              = x86_64
/usr/bin/arch -k       = unknown
/usr/convex/getsysinfo = unknown
/usr/bin/hostinfo      = unknown
/bin/machine           = unknown
/usr/bin/oslevel       = unknown
/bin/universe          = unknown

PATH: /usr/lib64/qt-3.3/bin
PATH: /usr/local/bin
PATH: /bin
PATH: /usr/bin
PATH: /usr/local/sbin
PATH: /usr/sbin
PATH: /sbin
PATH: /app/jdk/bin
PATH: /app/encoder/home/bin


## ----------- ##
## Core tests. ##
## ----------- ##

configure:2101: checking for a BSD-compatible install
configure:2169: result: /usr/bin/install -c
configure:2180: checking whether build environment is sane
configure:2240: result: yes
configure:2381: checking for a thread-safe mkdir -p
configure:2420: result: /bin/mkdir -p
configure:2433: checking for gawk
configure:2449: found /bin/gawk
configure:2460: result: gawk
configure:2471: checking whether make sets $(MAKE)
configure:2493: result: yes
configure:2619: checking build system type
configure:2637: result: x86_64-unknown-linux-gnu
configure:2659: checking host system type
configure:2674: result: x86_64-unknown-linux-gnu
configure:2708: checking for style of include used by make
configure:2736: result: GNU
configure:2806: checking for gcc
configure:2822: found /usr/bin/gcc
configure:2833: result: gcc
configure:3065: checking for C compiler version
configure:3073: gcc --version >&5
gcc (GCC) 4.4.7 20120313 (Red Hat 4.4.7-11)
Copyright (C) 2010 Free Software Foundation, Inc.
This is free software; see the source for copying conditions.  There is NO
warranty; not even for MERCHANTABILITY or FITNESS FOR A PARTICULAR PURPOSE.

configure:3077: $? = 0
configure:3084: gcc -v >&5
Using built-in specs.
Target: x86_64-redhat-linux
Configured with: ../configure --prefix=/usr --mandir=/usr/share/man --infodir=/usr/share/info --with-bugurl=http://bugzilla.redhat.com/bugzilla --enable-bootstrap --enable-shared --enable-threads=posix --enable-checking=release --with-system-zlib --enable-__cxa_atexit --disable-libunwind-exceptions --enable-gnu-unique-object --enable-languages=c,c++,objc,obj-c++,java,fortran,ada --enable-java-awt=gtk --disable-dssi --with-java-home=/usr/lib/jvm/java-1.5.0-gcj-1.5.0.0/jre --enable-libgcj-multifile --enable-java-maintainer-mode --with-ecj-jar=/usr/share/java/eclipse-ecj.jar --disable-libjava-multilib --with-ppl --with-cloog --with-tune=generic --with-arch_32=i686 --build=x86_64-redhat-linux
Thread model: posix
gcc version 4.4.7 20120313 (Red Hat 4.4.7-11) (GCC) 
configure:3088: $? = 0
configure:3095: gcc -V >&5
gcc: '-V' option must have argument
configure:3099: $? = 1
configure:3122: checking for C compiler default output file name
configure:3144: gcc    conftest.c  >&5
configure:3148: $? = 0
configure:3186: result: a.out
configure:3205: checking whether the C compiler works
configure:3215: ./a.out
configure:3219: $? = 0
configure:3238: result: yes
configure:3245: checking whether we are cross compiling
configure:3247: result: no
configure:3250: checking for suffix of executables
configure:3257: gcc -o conftest    conftest.c  >&5
configure:3261: $? = 0
configure:3287: result: 
configure:3293: checking for suffix of object files
configure:3319: gcc -c   conftest.c >&5
configure:3323: $? = 0
configure:3348: result: o
configure:3352: checking whether we are using the GNU C compiler
configure:3381: gcc -c   conftest.c >&5
configure:3388: $? = 0
configure:3405: result: yes
configure:3414: checking whether gcc accepts -g
configure:3444: gcc -c -g  conftest.c >&5
configure:3451: $? = 0
configure:3552: result: yes
configure:3569: checking for gcc option to accept ISO C89
configure:3643: gcc  -c -g -O2  conftest.c >&5
configure:3650: $? = 0
configure:3673: result: none needed
configure:3693: checking dependency style of gcc
configure:3803: result: gcc3
configure:3818: checking for a sed that does not truncate output
configure:3884: result: /bin/sed
configure:3902: checking for grep that handles long lines and -e
configure:3962: result: /bin/grep
configure:3967: checking for egrep
configure:4031: result: /bin/grep -E
configure:4036: checking for fgrep
configure:4100: result: /bin/grep -F
configure:4135: checking for ld used by gcc
configure:4202: result: /usr/bin/ld
configure:4211: checking if the linker (/usr/bin/ld) is GNU ld
configure:4226: result: yes
configure:4238: checking for BSD- or MS-compatible name lister (nm)
configure:4287: result: /usr/bin/nm -B
configure:4405: checking the name lister (/usr/bin/nm -B) interface
configure:4412: gcc -c -g -O2  conftest.c >&5
configure:4415: /usr/bin/nm -B "conftest.o"
configure:4418: output
0000000000000000 B some_variable
configure:4425: result: BSD nm
configure:4428: checking whether ln -s works
configure:4432: result: yes
configure:4440: checking the maximum length of command line arguments
configure:4560: result: 1966080
configure:4577: checking whether the shell understands some XSI constructs
configure:4587: result: yes
configure:4591: checking whether the shell understands "+="
configure:4597: result: yes
configure:4632: checking for /usr/bin/ld option to reload object files
configure:4639: result: -r
configure:4708: checking for objdump
configure:4724: found /usr/bin/objdump
configure:4735: result: objdump
configure:4767: checking how to recognize dependent libraries
configure:4963: result: pass_all
configure:5023: checking for ar
configure:5039: found /usr/bin/ar
configure:5050: result: ar
configure:5128: checking for strip
configure:5144: found /usr/bin/strip
configure:5155: result: strip
configure:5227: checking for ranlib
configure:5243: found /usr/bin/ranlib
configure:5254: result: ranlib
configure:5344: checking command to parse /usr/bin/nm -B output from gcc object
configure:5462: gcc -c -g -O2  conftest.c >&5
configure:5465: $? = 0
configure:5469: /usr/bin/nm -B conftest.o \| sed -n -e 's/^.*[	 ]\([ABCDGIRSTW][ABCDGIRSTW]*\)[	 ][	 ]*\([_A-Za-z][_A-Za-z0-9]*\)$/\1 \2 \2/p' \> conftest.nm
configure:5472: $? = 0
configure:5526: gcc -o conftest -g -O2   conftest.c conftstm.o >&5
configure:5529: $? = 0
configure:5567: result: ok
configure:5663: gcc -c -g -O2  conftest.c >&5
configure:5666: $? = 0
configure:6434: checking how to run the C preprocessor
configure:6474: gcc -E  conftest.c
configure:6481: $? = 0
configure:6512: gcc -E  conftest.c
conftest.c:10:28: error: ac_nonexistent.h: No such file or directory
configure:6519: $? = 1
configure: failed program was:
| /* confdefs.h.  */
| #define PACKAGE_NAME "iputils"
| #define PACKAGE_TARNAME "iputils"
| #define PACKAGE_VERSION "0.1"
| #define PACKAGE_STRING "iputils 0.1"
| #define PACKAGE_BUGREPORT "lucas.nishimura@gmail.com"
| #define PACKAGE "pingd"
| #define VERSION "0.1"
| /* end confdefs.h.  */
| #include <ac_nonexistent.h>
configure:6552: result: gcc -E
configure:6581: gcc -E  conftest.c
configure:6588: $? = 0
configure:6619: gcc -E  conftest.c
conftest.c:10:28: error: ac_nonexistent.h: No such file or directory
configure:6626: $? = 1
configure: failed program was:
| /* confdefs.h.  */
| #define PACKAGE_NAME "iputils"
| #define PACKAGE_TARNAME "iputils"
| #define PACKAGE_VERSION "0.1"
| #define PACKAGE_STRING "iputils 0.1"
| #define PACKAGE_BUGREPORT "lucas.nishimura@gmail.com"
| #define PACKAGE "pingd"
| #define VERSION "0.1"
| /* end confdefs.h.  */
| #include <ac_nonexistent.h>
configure:6666: checking for ANSI C header files
configure:6696: gcc -c -g -O2  conftest.c >&5
configure:6703: $? = 0
configure:6802: gcc -o conftest -g -O2   conftest.c  >&5
configure:6806: $? = 0
configure:6812: ./conftest
configure:6816: $? = 0
configure:6834: result: yes
configure:6858: checking for sys/types.h
configure:6879: gcc -c -g -O2  conftest.c >&5
configure:6886: $? = 0
configure:6903: result: yes
configure:6858: checking for sys/stat.h
configure:6879: gcc -c -g -O2  conftest.c >&5
configure:6886: $? = 0
configure:6903: result: yes
configure:6858: checking for stdlib.h
configure:6879: gcc -c -g -O2  conftest.c >&5
configure:6886: $? = 0
configure:6903: result: yes
configure:6858: checking for string.h
configure:6879: gcc -c -g -O2  conftest.c >&5
configure:6886: $? = 0
configure:6903: result: yes
configure:6858: checking for memory.h
configure:6879: gcc -c -g -O2  conftest.c >&5
configure:6886: $? = 0
configure:6903: result: yes
configure:6858: checking for strings.h
configure:6879: gcc -c -g -O2  conftest.c >&5
configure:6886: $? = 0
configure:6903: result: yes
configure:6858: checking for inttypes.h
configure:6879: gcc -c -g -O2  conftest.c >&5
configure:6886: $? = 0
configure:6903: result: yes
configure:6858: checking for stdint.h
configure:6879: gcc -c -g -O2  conftest.c >&5
configure:6886: $? = 0
configure:6903: result: yes
configure:6858: checking for unistd.h
configure:6879: gcc -c -g -O2  conftest.c >&5
configure:6886: $? = 0
configure:6903: result: yes
configure:6921: checking for dlfcn.h
configure:6942: gcc -c -g -O2  conftest.c >&5
configure:6949: $? = 0
configure:6966: result: yes
configure:7151: checking for objdir
configure:7166: result: .libs
configure:7458: checking if gcc supports -fno-rtti -fno-exceptions
configure:7476: gcc -c -g -O2  -fno-rtti -fno-exceptions conftest.c >&5
cc1: warning: command line option "-fno-rtti" is valid for C++/ObjC++ but not for C
configure:7480: $? = 0
configure:7493: result: no
configure:7513: checking for gcc option to produce PIC
configure:7785: result: -fPIC -DPIC
configure:7797: checking if gcc PIC flag -fPIC -DPIC works
configure:7815: gcc -c -g -O2  -fPIC -DPIC -DPIC conftest.c >&5
configure:7819: $? = 0
configure:7832: result: yes
configure:7856: checking if gcc static flag -static works
configure:7884: result: no
configure:7899: checking if gcc supports -c -o file.o
configure:7920: gcc -c -g -O2  -o out/conftest2.o conftest.c >&5
configure:7924: $? = 0
configure:7946: result: yes
configure:7954: checking if gcc supports -c -o file.o
configure:8001: result: yes
configure:8034: checking whether the gcc linker (/usr/bin/ld -m elf_x86_64) supports shared libraries
configure:9108: result: yes
configure:9145: checking whether -lc should be explicitly linked in
configure:9150: gcc -c -g -O2  conftest.c >&5
configure:9153: $? = 0
configure:9168: gcc -shared conftest.o  -v -Wl,-soname -Wl,conftest -o conftest 2\>\&1 \| /bin/grep  -lc  \>/dev/null 2\>\&1
configure:9171: $? = 0
configure:9183: result: no
configure:9347: checking dynamic linker characteristics
configure:9790: gcc -o conftest -g -O2   -Wl,-rpath -Wl,/foo conftest.c  >&5
configure:9797: $? = 0
configure:10033: result: GNU/Linux ld.so
configure:10135: checking how to hardcode library paths into programs
configure:10160: result: immediate
configure:10283: checking for shl_load
configure:10339: gcc -o conftest -g -O2   conftest.c  >&5
/tmp/ccZzrW4x.o: In function `main':
/app/encoder/home/iputils/conftest.c:56: undefined reference to `shl_load'
collect2: ld returned 1 exit status
configure:10346: $? = 1
configure: failed program was:
| /* confdefs.h.  */
| #define PACKAGE_NAME "iputils"
| #define PACKAGE_TARNAME "iputils"
| #define PACKAGE_VERSION "0.1"
| #define PACKAGE_STRING "iputils 0.1"
| #define PACKAGE_BUGREPORT "lucas.nishimura@gmail.com"
| #define PACKAGE "pingd"
| #define VERSION "0.1"
| #define STDC_HEADERS 1
| #define HAVE_SYS_TYPES_H 1
| #define HAVE_SYS_STAT_H 1
| #define HAVE_STDLIB_H 1
| #define HAVE_STRING_H 1
| #define HAVE_MEMORY_H 1
| #define HAVE_STRINGS_H 1
| #define HAVE_INTTYPES_H 1
| #define HAVE_STDINT_H 1
| #define HAVE_UNISTD_H 1
| #define HAVE_DLFCN_H 1
| #define LT_OBJDIR ".libs/"
| /* end confdefs.h.  */
| /* Define shl_load to an innocuous variant, in case <limits.h> declares shl_load.
|    For example, HP-UX 11i <limits.h> declares gettimeofday.  */
| #define shl_load innocuous_shl_load
| 
| /* System header to define __stub macros and hopefully few prototypes,
|     which can conflict with char shl_load (); below.
|     Prefer <limits.h> to <assert.h> if __STDC__ is defined, since
|     <limits.h> exists even on freestanding compilers.  */
| 
| #ifdef __STDC__
| # include <limits.h>
| #else
| # include <assert.h>
| #endif
| 
| #undef shl_load
| 
| /* Override any GCC internal prototype to avoid an error.
|    Use char because int might match the return type of a GCC
|    builtin and then its argument prototype would still apply.  */
| #ifdef __cplusplus
| extern "C"
| #endif
| char shl_load ();
| /* The GNU C library defines this for functions which it implements
|     to always fail with ENOSYS.  Some functions are actually named
|     something starting with __ and the normal name is an alias.  */
| #if defined __stub_shl_load || defined __stub___shl_load
| choke me
| #endif
| 
| int
| main ()
| {
| return shl_load ();
|   ;
|   return 0;
| }
configure:10366: result: no
configure:10371: checking for shl_load in -ldld
configure:10406: gcc -o conftest -g -O2   conftest.c -ldld   >&5
/usr/bin/ld: cannot find -ldld
collect2: ld returned 1 exit status
configure:10413: $? = 1
configure: failed program was:
| /* confdefs.h.  */
| #define PACKAGE_NAME "iputils"
| #define PACKAGE_TARNAME "iputils"
| #define PACKAGE_VERSION "0.1"
| #define PACKAGE_STRING "iputils 0.1"
| #define PACKAGE_BUGREPORT "lucas.nishimura@gmail.com"
| #define PACKAGE "pingd"
| #define VERSION "0.1"
| #define STDC_HEADERS 1
| #define HAVE_SYS_TYPES_H 1
| #define HAVE_SYS_STAT_H 1
| #define HAVE_STDLIB_H 1
| #define HAVE_STRING_H 1
| #define HAVE_MEMORY_H 1
| #define HAVE_STRINGS_H 1
| #define HAVE_INTTYPES_H 1
| #define HAVE_STDINT_H 1
| #define HAVE_UNISTD_H 1
| #define HAVE_DLFCN_H 1
| #define LT_OBJDIR ".libs/"
| /* end confdefs.h.  */
| 
| /* Override any GCC internal prototype to avoid an error.
|    Use char because int might match the return type of a GCC
|    builtin and then its argument prototype would still apply.  */
| #ifdef __cplusplus
| extern "C"
| #endif
| char shl_load ();
| int
| main ()
| {
| return shl_load ();
|   ;
|   return 0;
| }
configure:10434: result: no
configure:10439: checking for dlopen
configure:10495: gcc -o conftest -g -O2   conftest.c  >&5
/tmp/ccsGj52C.o: In function `main':
/app/encoder/home/iputils/conftest.c:56: undefined reference to `dlopen'
collect2: ld returned 1 exit status
configure:10502: $? = 1
configure: failed program was:
| /* confdefs.h.  */
| #define PACKAGE_NAME "iputils"
| #define PACKAGE_TARNAME "iputils"
| #define PACKAGE_VERSION "0.1"
| #define PACKAGE_STRING "iputils 0.1"
| #define PACKAGE_BUGREPORT "lucas.nishimura@gmail.com"
| #define PACKAGE "pingd"
| #define VERSION "0.1"
| #define STDC_HEADERS 1
| #define HAVE_SYS_TYPES_H 1
| #define HAVE_SYS_STAT_H 1
| #define HAVE_STDLIB_H 1
| #define HAVE_STRING_H 1
| #define HAVE_MEMORY_H 1
| #define HAVE_STRINGS_H 1
| #define HAVE_INTTYPES_H 1
| #define HAVE_STDINT_H 1
| #define HAVE_UNISTD_H 1
| #define HAVE_DLFCN_H 1
| #define LT_OBJDIR ".libs/"
| /* end confdefs.h.  */
| /* Define dlopen to an innocuous variant, in case <limits.h> declares dlopen.
|    For example, HP-UX 11i <limits.h> declares gettimeofday.  */
| #define dlopen innocuous_dlopen
| 
| /* System header to define __stub macros and hopefully few prototypes,
|     which can conflict with char dlopen (); below.
|     Prefer <limits.h> to <assert.h> if __STDC__ is defined, since
|     <limits.h> exists even on freestanding compilers.  */
| 
| #ifdef __STDC__
| # include <limits.h>
| #else
| # include <assert.h>
| #endif
| 
| #undef dlopen
| 
| /* Override any GCC internal prototype to avoid an error.
|    Use char because int might match the return type of a GCC
|    builtin and then its argument prototype would still apply.  */
| #ifdef __cplusplus
| extern "C"
| #endif
| char dlopen ();
| /* The GNU C library defines this for functions which it implements
|     to always fail with ENOSYS.  Some functions are actually named
|     something starting with __ and the normal name is an alias.  */
| #if defined __stub_dlopen || defined __stub___dlopen
| choke me
| #endif
| 
| int
| main ()
| {
| return dlopen ();
|   ;
|   return 0;
| }
configure:10522: result: no
configure:10527: checking for dlopen in -ldl
configure:10562: gcc -o conftest -g -O2   conftest.c -ldl   >&5
configure:10569: $? = 0
configure:10590: result: yes
configure:10767: checking whether a program can dlopen itself
configure:10837: gcc -o conftest -g -O2  -DHAVE_DLFCN_H  -Wl,--export-dynamic conftest.c -ldl  >&5
configure:10840: $? = 0
configure:10858: result: yes
configure:10863: checking whether a statically linked program can dlopen itself
configure:10933: gcc -o conftest -g -O2  -DHAVE_DLFCN_H  -Wl,--export-dynamic  conftest.c -ldl  >&5
configure:10936: $? = 0
configure:10954: result: yes
configure:10993: checking whether stripping libraries is possible
configure:10998: result: yes
configure:11033: checking if libtool supports shared libraries
configure:11035: result: yes
configure:11038: checking whether to build shared libraries
configure:11059: result: yes
configure:11062: checking whether to build static libraries
configure:11066: result: yes
configure:11101: checking which extension is used for runtime loadable modules
configure:11111: result: .so
configure:11121: checking which variable specifies run-time module search path
configure:11128: result: LD_LIBRARY_PATH
configure:11138: checking for the default library search path
configure:11145: result: /lib64 /usr/lib64 /lib /usr/lib /usr/lib64/mysql /usr/lib64/qt-3.3/lib /usr/lib64/xulrunner 
configure:11175: checking for library containing dlopen
configure:11216: gcc -o conftest -g -O2   conftest.c  >&5
/tmp/ccEkw6GI.o: In function `main':
/app/encoder/home/iputils/conftest.c:36: undefined reference to `dlopen'
collect2: ld returned 1 exit status
configure:11223: $? = 1
configure: failed program was:
| /* confdefs.h.  */
| #define PACKAGE_NAME "iputils"
| #define PACKAGE_TARNAME "iputils"
| #define PACKAGE_VERSION "0.1"
| #define PACKAGE_STRING "iputils 0.1"
| #define PACKAGE_BUGREPORT "lucas.nishimura@gmail.com"
| #define PACKAGE "pingd"
| #define VERSION "0.1"
| #define STDC_HEADERS 1
| #define HAVE_SYS_TYPES_H 1
| #define HAVE_SYS_STAT_H 1
| #define HAVE_STDLIB_H 1
| #define HAVE_STRING_H 1
| #define HAVE_MEMORY_H 1
| #define HAVE_STRINGS_H 1
| #define HAVE_INTTYPES_H 1
| #define HAVE_STDINT_H 1
| #define HAVE_UNISTD_H 1
| #define HAVE_DLFCN_H 1
| #define LT_OBJDIR ".libs/"
| #define LT_MODULE_EXT ".so"
| #define LT_MODULE_PATH_VAR "LD_LIBRARY_PATH"
| #define LT_DLSEARCH_PATH "/lib64:/usr/lib64:/lib:/usr/lib:/usr/lib64/mysql:/usr/lib64/qt-3.3/lib:/usr/lib64/xulrunner"
| /* end confdefs.h.  */
| 
| /* Override any GCC internal prototype to avoid an error.
|    Use char because int might match the return type of a GCC
|    builtin and then its argument prototype would still apply.  */
| #ifdef __cplusplus
| extern "C"
| #endif
| char dlopen ();
| int
| main ()
| {
| return dlopen ();
|   ;
|   return 0;
| }
configure:11216: gcc -o conftest -g -O2   conftest.c -ldl   >&5
configure:11223: $? = 0
configure:11254: result: -ldl
configure:11410: checking for dlerror
configure:11466: gcc -o conftest -g -O2   conftest.c -ldl  -ldl >&5
configure:11473: $? = 0
configure:11495: result: yes
configure:11512: checking for shl_load
configure:11595: result: no
configure:11605: checking for shl_load in -ldld
configure:11668: result: no
configure:11860: checking for dld_link in -ldld
configure:11895: gcc -o conftest -g -O2   conftest.c -ldld  -ldl  >&5
/usr/bin/ld: cannot find -ldld
collect2: ld returned 1 exit status
configure:11902: $? = 1
configure: failed program was:
| /* confdefs.h.  */
| #define PACKAGE_NAME "iputils"
| #define PACKAGE_TARNAME "iputils"
| #define PACKAGE_VERSION "0.1"
| #define PACKAGE_STRING "iputils 0.1"
| #define PACKAGE_BUGREPORT "lucas.nishimura@gmail.com"
| #define PACKAGE "pingd"
| #define VERSION "0.1"
| #define STDC_HEADERS 1
| #define HAVE_SYS_TYPES_H 1
| #define HAVE_SYS_STAT_H 1
| #define HAVE_STDLIB_H 1
| #define HAVE_STRING_H 1
| #define HAVE_MEMORY_H 1
| #define HAVE_STRINGS_H 1
| #define HAVE_INTTYPES_H 1
| #define HAVE_STDINT_H 1
| #define HAVE_UNISTD_H 1
| #define HAVE_DLFCN_H 1
| #define LT_OBJDIR ".libs/"
| #define LT_MODULE_EXT ".so"
| #define LT_MODULE_PATH_VAR "LD_LIBRARY_PATH"
| #define LT_DLSEARCH_PATH "/lib64:/usr/lib64:/lib:/usr/lib:/usr/lib64/mysql:/usr/lib64/qt-3.3/lib:/usr/lib64/xulrunner"
| #define HAVE_LIBDL 1
| #define HAVE_DLERROR 1
| /* end confdefs.h.  */
| 
| /* Override any GCC internal prototype to avoid an error.
|    Use char because int might match the return type of a GCC
|    builtin and then its argument prototype would still apply.  */
| #ifdef __cplusplus
| extern "C"
| #endif
| char dld_link ();
| int
| main ()
| {
| return dld_link ();
|   ;
|   return 0;
| }
configure:11923: result: no
configure:11961: checking for _ prefix in compiled symbols
configure:11971: gcc -c -g -O2  conftest.c >&5
configure:11974: $? = 0
configure:11978: /usr/bin/nm -B conftest.o \| sed -n -e 's/^.*[	 ]\([ABCDGIRSTW][ABCDGIRSTW]*\)[	 ][	 ]*\([_A-Za-z][_A-Za-z0-9]*\)$/\1 \2 \2/p' \> conftest.nm
configure:11981: $? = 0
configure:12003: result: no
configure:12119: checking whether deplibs are loaded by dlopen
configure:12213: result: yes
configure:12229: checking for argz.h
configure:12250: gcc -c -g -O2  conftest.c >&5
configure:12257: $? = 0
configure:12274: result: yes
configure:12288: checking for error_t
configure:12319: gcc -c -g -O2  conftest.c >&5
configure:12326: $? = 0
configure:12356: gcc -c -g -O2  conftest.c >&5
conftest.c: In function 'main':
conftest.c:36: error: expected expression before ')' token
configure:12363: $? = 1
configure: failed program was:
| /* confdefs.h.  */
| #define PACKAGE_NAME "iputils"
| #define PACKAGE_TARNAME "iputils"
| #define PACKAGE_VERSION "0.1"
| #define PACKAGE_STRING "iputils 0.1"
| #define PACKAGE_BUGREPORT "lucas.nishimura@gmail.com"
| #define PACKAGE "pingd"
| #define VERSION "0.1"
| #define STDC_HEADERS 1
| #define HAVE_SYS_TYPES_H 1
| #define HAVE_SYS_STAT_H 1
| #define HAVE_STDLIB_H 1
| #define HAVE_STRING_H 1
| #define HAVE_MEMORY_H 1
| #define HAVE_STRINGS_H 1
| #define HAVE_INTTYPES_H 1
| #define HAVE_STDINT_H 1
| #define HAVE_UNISTD_H 1
| #define HAVE_DLFCN_H 1
| #define LT_OBJDIR ".libs/"
| #define LT_MODULE_EXT ".so"
| #define LT_MODULE_PATH_VAR "LD_LIBRARY_PATH"
| #define LT_DLSEARCH_PATH "/lib64:/usr/lib64:/lib:/usr/lib:/usr/lib64/mysql:/usr/lib64/qt-3.3/lib:/usr/lib64/xulrunner"
| #define HAVE_LIBDL 1
| #define HAVE_DLERROR 1
| #define HAVE_LIBDLLOADER 1
| #define HAVE_ARGZ_H 1
| /* end confdefs.h.  */
| #if defined(HAVE_ARGZ_H)
| #  include <argz.h>
| #endif
| 
| int
| main ()
| {
| if (sizeof ((error_t)))
| 	  return 0;
|   ;
|   return 0;
| }
configure:12386: result: yes
configure:12421: checking for argz_add
configure:12477: gcc -o conftest -g -O2   conftest.c -ldl  >&5
configure:12484: $? = 0
configure:12506: result: yes
configure:12421: checking for argz_append
configure:12477: gcc -o conftest -g -O2   conftest.c -ldl  >&5
configure:12484: $? = 0
configure:12506: result: yes
configure:12421: checking for argz_count
configure:12477: gcc -o conftest -g -O2   conftest.c -ldl  >&5
configure:12484: $? = 0
configure:12506: result: yes
configure:12421: checking for argz_create_sep
configure:12477: gcc -o conftest -g -O2   conftest.c -ldl  >&5
configure:12484: $? = 0
configure:12506: result: yes
configure:12421: checking for argz_insert
configure:12477: gcc -o conftest -g -O2   conftest.c -ldl  >&5
configure:12484: $? = 0
configure:12506: result: yes
configure:12421: checking for argz_next
configure:12477: gcc -o conftest -g -O2   conftest.c -ldl  >&5
configure:12484: $? = 0
configure:12506: result: yes
configure:12421: checking for argz_stringify
configure:12477: gcc -o conftest -g -O2   conftest.c -ldl  >&5
configure:12484: $? = 0
configure:12506: result: yes
configure:12525: checking if argz actually works
configure:12556: result: yes
configure:12577: checking whether libtool supports -dlopen/-dlpreopen
configure:12589: result: yes
configure:12620: checking for ltdl.h
configure:12642: gcc -c -g -O2  conftest.c >&5
conftest.c:74:18: error: ltdl.h: No such file or directory
configure:12649: $? = 1
configure: failed program was:
| /* confdefs.h.  */
| #define PACKAGE_NAME "iputils"
| #define PACKAGE_TARNAME "iputils"
| #define PACKAGE_VERSION "0.1"
| #define PACKAGE_STRING "iputils 0.1"
| #define PACKAGE_BUGREPORT "lucas.nishimura@gmail.com"
| #define PACKAGE "pingd"
| #define VERSION "0.1"
| #define STDC_HEADERS 1
| #define HAVE_SYS_TYPES_H 1
| #define HAVE_SYS_STAT_H 1
| #define HAVE_STDLIB_H 1
| #define HAVE_STRING_H 1
| #define HAVE_MEMORY_H 1
| #define HAVE_STRINGS_H 1
| #define HAVE_INTTYPES_H 1
| #define HAVE_STDINT_H 1
| #define HAVE_UNISTD_H 1
| #define HAVE_DLFCN_H 1
| #define LT_OBJDIR ".libs/"
| #define LT_MODULE_EXT ".so"
| #define LT_MODULE_PATH_VAR "LD_LIBRARY_PATH"
| #define LT_DLSEARCH_PATH "/lib64:/usr/lib64:/lib:/usr/lib:/usr/lib64/mysql:/usr/lib64/qt-3.3/lib:/usr/lib64/xulrunner"
| #define HAVE_LIBDL 1
| #define HAVE_DLERROR 1
| #define HAVE_LIBDLLOADER 1
| #define HAVE_ARGZ_H 1
| #define HAVE_ERROR_T 1
| #define HAVE_ARGZ_ADD 1
| #define HAVE_ARGZ_APPEND 1
| #define HAVE_ARGZ_COUNT 1
| #define HAVE_ARGZ_CREATE_SEP 1
| #define HAVE_ARGZ_INSERT 1
| #define HAVE_ARGZ_NEXT 1
| #define HAVE_ARGZ_STRINGIFY 1
| #define HAVE_WORKING_ARGZ 1
| #define HAVE_PRELOADED_SYMBOLS 1
| /* end confdefs.h.  */
| #include <stdio.h>
| #ifdef HAVE_SYS_TYPES_H
| # include <sys/types.h>
| #endif
| #ifdef HAVE_SYS_STAT_H
| # include <sys/stat.h>
| #endif
| #ifdef STDC_HEADERS
| # include <stdlib.h>
| # include <stddef.h>
| #else
| # ifdef HAVE_STDLIB_H
| #  include <stdlib.h>
| # endif
| #endif
| #ifdef HAVE_STRING_H
| # if !defined STDC_HEADERS && defined HAVE_MEMORY_H
| #  include <memory.h>
| # endif
| # include <string.h>
| #endif
| #ifdef HAVE_STRINGS_H
| # include <strings.h>
| #endif
| #ifdef HAVE_INTTYPES_H
| # include <inttypes.h>
| #endif
| #ifdef HAVE_STDINT_H
| # include <stdint.h>
| #endif
| #ifdef HAVE_UNISTD_H
| # include <unistd.h>
| #endif
| 
| 
| #include <ltdl.h>
configure:12664: result: no
configure:12891: checking where to find libltdl headers
configure:12893: result: -I${top_srcdir}/libltdl
configure:12895: checking where to find libltdl library
configure:12897: result: ${top_build_prefix}libltdl/libltdlc.la
configure:12951: checking for unistd.h
configure:12996: result: yes
configure:12951: checking for dl.h
configure:12972: gcc -c -g -O2  conftest.c >&5
conftest.c:74:16: error: dl.h: No such file or directory
configure:12979: $? = 1
configure: failed program was:
| /* confdefs.h.  */
| #define PACKAGE_NAME "iputils"
| #define PACKAGE_TARNAME "iputils"
| #define PACKAGE_VERSION "0.1"
| #define PACKAGE_STRING "iputils 0.1"
| #define PACKAGE_BUGREPORT "lucas.nishimura@gmail.com"
| #define PACKAGE "pingd"
| #define VERSION "0.1"
| #define STDC_HEADERS 1
| #define HAVE_SYS_TYPES_H 1
| #define HAVE_SYS_STAT_H 1
| #define HAVE_STDLIB_H 1
| #define HAVE_STRING_H 1
| #define HAVE_MEMORY_H 1
| #define HAVE_STRINGS_H 1
| #define HAVE_INTTYPES_H 1
| #define HAVE_STDINT_H 1
| #define HAVE_UNISTD_H 1
| #define HAVE_DLFCN_H 1
| #define LT_OBJDIR ".libs/"
| #define LT_MODULE_EXT ".so"
| #define LT_MODULE_PATH_VAR "LD_LIBRARY_PATH"
| #define LT_DLSEARCH_PATH "/lib64:/usr/lib64:/lib:/usr/lib:/usr/lib64/mysql:/usr/lib64/qt-3.3/lib:/usr/lib64/xulrunner"
| #define HAVE_LIBDL 1
| #define HAVE_DLERROR 1
| #define HAVE_LIBDLLOADER 1
| #define HAVE_ARGZ_H 1
| #define HAVE_ERROR_T 1
| #define HAVE_ARGZ_ADD 1
| #define HAVE_ARGZ_APPEND 1
| #define HAVE_ARGZ_COUNT 1
| #define HAVE_ARGZ_CREATE_SEP 1
| #define HAVE_ARGZ_INSERT 1
| #define HAVE_ARGZ_NEXT 1
| #define HAVE_ARGZ_STRINGIFY 1
| #define HAVE_WORKING_ARGZ 1
| #define HAVE_PRELOADED_SYMBOLS 1
| #define HAVE_UNISTD_H 1
| /* end confdefs.h.  */
| #include <stdio.h>
| #ifdef HAVE_SYS_TYPES_H
| # include <sys/types.h>
| #endif
| #ifdef HAVE_SYS_STAT_H
| # include <sys/stat.h>
| #endif
| #ifdef STDC_HEADERS
| # include <stdlib.h>
| # include <stddef.h>
| #else
| # ifdef HAVE_STDLIB_H
| #  include <stdlib.h>
| # endif
| #endif
| #ifdef HAVE_STRING_H
| # if !defined STDC_HEADERS && defined HAVE_MEMORY_H
| #  include <memory.h>
| # endif
| # include <string.h>
| #endif
| #ifdef HAVE_STRINGS_H
| # include <strings.h>
| #endif
| #ifdef HAVE_INTTYPES_H
| # include <inttypes.h>
| #endif
| #ifdef HAVE_STDINT_H
| # include <stdint.h>
| #endif
| #ifdef HAVE_UNISTD_H
| # include <unistd.h>
| #endif
| 
| #include <dl.h>
configure:12996: result: no
configure:12951: checking for sys/dl.h
configure:12972: gcc -c -g -O2  conftest.c >&5
conftest.c:74:20: error: sys/dl.h: No such file or directory
configure:12979: $? = 1
configure: failed program was:
| /* confdefs.h.  */
| #define PACKAGE_NAME "iputils"
| #define PACKAGE_TARNAME "iputils"
| #define PACKAGE_VERSION "0.1"
| #define PACKAGE_STRING "iputils 0.1"
| #define PACKAGE_BUGREPORT "lucas.nishimura@gmail.com"
| #define PACKAGE "pingd"
| #define VERSION "0.1"
| #define STDC_HEADERS 1
| #define HAVE_SYS_TYPES_H 1
| #define HAVE_SYS_STAT_H 1
| #define HAVE_STDLIB_H 1
| #define HAVE_STRING_H 1
| #define HAVE_MEMORY_H 1
| #define HAVE_STRINGS_H 1
| #define HAVE_INTTYPES_H 1
| #define HAVE_STDINT_H 1
| #define HAVE_UNISTD_H 1
| #define HAVE_DLFCN_H 1
| #define LT_OBJDIR ".libs/"
| #define LT_MODULE_EXT ".so"
| #define LT_MODULE_PATH_VAR "LD_LIBRARY_PATH"
| #define LT_DLSEARCH_PATH "/lib64:/usr/lib64:/lib:/usr/lib:/usr/lib64/mysql:/usr/lib64/qt-3.3/lib:/usr/lib64/xulrunner"
| #define HAVE_LIBDL 1
| #define HAVE_DLERROR 1
| #define HAVE_LIBDLLOADER 1
| #define HAVE_ARGZ_H 1
| #define HAVE_ERROR_T 1
| #define HAVE_ARGZ_ADD 1
| #define HAVE_ARGZ_APPEND 1
| #define HAVE_ARGZ_COUNT 1
| #define HAVE_ARGZ_CREATE_SEP 1
| #define HAVE_ARGZ_INSERT 1
| #define HAVE_ARGZ_NEXT 1
| #define HAVE_ARGZ_STRINGIFY 1
| #define HAVE_WORKING_ARGZ 1
| #define HAVE_PRELOADED_SYMBOLS 1
| #define HAVE_UNISTD_H 1
| /* end confdefs.h.  */
| #include <stdio.h>
| #ifdef HAVE_SYS_TYPES_H
| # include <sys/types.h>
| #endif
| #ifdef HAVE_SYS_STAT_H
| # include <sys/stat.h>
| #endif
| #ifdef STDC_HEADERS
| # include <stdlib.h>
| # include <stddef.h>
| #else
| # ifdef HAVE_STDLIB_H
| #  include <stdlib.h>
| # endif
| #endif
| #ifdef HAVE_STRING_H
| # if !defined STDC_HEADERS && defined HAVE_MEMORY_H
| #  include <memory.h>
| # endif
| # include <string.h>
| #endif
| #ifdef HAVE_STRINGS_H
| # include <strings.h>
| #endif
| #ifdef HAVE_INTTYPES_H
| # include <inttypes.h>
| #endif
| #ifdef HAVE_STDINT_H
| # include <stdint.h>
| #endif
| #ifdef HAVE_UNISTD_H
| # include <unistd.h>
| #endif
| 
| #include <sys/dl.h>
configure:12996: result: no
configure:12951: checking for dld.h
configure:12972: gcc -c -g -O2  conftest.c >&5
conftest.c:74:17: error: dld.h: No such file or directory
configure:12979: $? = 1
configure: failed program was:
| /* confdefs.h.  */
| #define PACKAGE_NAME "iputils"
| #define PACKAGE_TARNAME "iputils"
| #define PACKAGE_VERSION "0.1"
| #define PACKAGE_STRING "iputils 0.1"
| #define PACKAGE_BUGREPORT "lucas.nishimura@gmail.com"
| #define PACKAGE "pingd"
| #define VERSION "0.1"
| #define STDC_HEADERS 1
| #define HAVE_SYS_TYPES_H 1
| #define HAVE_SYS_STAT_H 1
| #define HAVE_STDLIB_H 1
| #define HAVE_STRING_H 1
| #define HAVE_MEMORY_H 1
| #define HAVE_STRINGS_H 1
| #define HAVE_INTTYPES_H 1
| #define HAVE_STDINT_H 1
| #define HAVE_UNISTD_H 1
| #define HAVE_DLFCN_H 1
| #define LT_OBJDIR ".libs/"
| #define LT_MODULE_EXT ".so"
| #define LT_MODULE_PATH_VAR "LD_LIBRARY_PATH"
| #define LT_DLSEARCH_PATH "/lib64:/usr/lib64:/lib:/usr/lib:/usr/lib64/mysql:/usr/lib64/qt-3.3/lib:/usr/lib64/xulrunner"
| #define HAVE_LIBDL 1
| #define HAVE_DLERROR 1
| #define HAVE_LIBDLLOADER 1
| #define HAVE_ARGZ_H 1
| #define HAVE_ERROR_T 1
| #define HAVE_ARGZ_ADD 1
| #define HAVE_ARGZ_APPEND 1
| #define HAVE_ARGZ_COUNT 1
| #define HAVE_ARGZ_CREATE_SEP 1
| #define HAVE_ARGZ_INSERT 1
| #define HAVE_ARGZ_NEXT 1
| #define HAVE_ARGZ_STRINGIFY 1
| #define HAVE_WORKING_ARGZ 1
| #define HAVE_PRELOADED_SYMBOLS 1
| #define HAVE_UNISTD_H 1
| /* end confdefs.h.  */
| #include <stdio.h>
| #ifdef HAVE_SYS_TYPES_H
| # include <sys/types.h>
| #endif
| #ifdef HAVE_SYS_STAT_H
| # include <sys/stat.h>
| #endif
| #ifdef STDC_HEADERS
| # include <stdlib.h>
| # include <stddef.h>
| #else
| # ifdef HAVE_STDLIB_H
| #  include <stdlib.h>
| # endif
| #endif
| #ifdef HAVE_STRING_H
| # if !defined STDC_HEADERS && defined HAVE_MEMORY_H
| #  include <memory.h>
| # endif
| # include <string.h>
| #endif
| #ifdef HAVE_STRINGS_H
| # include <strings.h>
| #endif
| #ifdef HAVE_INTTYPES_H
| # include <inttypes.h>
| #endif
| #ifdef HAVE_STDINT_H
| # include <stdint.h>
| #endif
| #ifdef HAVE_UNISTD_H
| # include <unistd.h>
| #endif
| 
| #include <dld.h>
configure:12996: result: no
configure:12951: checking for mach-o/dyld.h
configure:12972: gcc -c -g -O2  conftest.c >&5
conftest.c:74:25: error: mach-o/dyld.h: No such file or directory
configure:12979: $? = 1
configure: failed program was:
| /* confdefs.h.  */
| #define PACKAGE_NAME "iputils"
| #define PACKAGE_TARNAME "iputils"
| #define PACKAGE_VERSION "0.1"
| #define PACKAGE_STRING "iputils 0.1"
| #define PACKAGE_BUGREPORT "lucas.nishimura@gmail.com"
| #define PACKAGE "pingd"
| #define VERSION "0.1"
| #define STDC_HEADERS 1
| #define HAVE_SYS_TYPES_H 1
| #define HAVE_SYS_STAT_H 1
| #define HAVE_STDLIB_H 1
| #define HAVE_STRING_H 1
| #define HAVE_MEMORY_H 1
| #define HAVE_STRINGS_H 1
| #define HAVE_INTTYPES_H 1
| #define HAVE_STDINT_H 1
| #define HAVE_UNISTD_H 1
| #define HAVE_DLFCN_H 1
| #define LT_OBJDIR ".libs/"
| #define LT_MODULE_EXT ".so"
| #define LT_MODULE_PATH_VAR "LD_LIBRARY_PATH"
| #define LT_DLSEARCH_PATH "/lib64:/usr/lib64:/lib:/usr/lib:/usr/lib64/mysql:/usr/lib64/qt-3.3/lib:/usr/lib64/xulrunner"
| #define HAVE_LIBDL 1
| #define HAVE_DLERROR 1
| #define HAVE_LIBDLLOADER 1
| #define HAVE_ARGZ_H 1
| #define HAVE_ERROR_T 1
| #define HAVE_ARGZ_ADD 1
| #define HAVE_ARGZ_APPEND 1
| #define HAVE_ARGZ_COUNT 1
| #define HAVE_ARGZ_CREATE_SEP 1
| #define HAVE_ARGZ_INSERT 1
| #define HAVE_ARGZ_NEXT 1
| #define HAVE_ARGZ_STRINGIFY 1
| #define HAVE_WORKING_ARGZ 1
| #define HAVE_PRELOADED_SYMBOLS 1
| #define HAVE_UNISTD_H 1
| /* end confdefs.h.  */
| #include <stdio.h>
| #ifdef HAVE_SYS_TYPES_H
| # include <sys/types.h>
| #endif
| #ifdef HAVE_SYS_STAT_H
| # include <sys/stat.h>
| #endif
| #ifdef STDC_HEADERS
| # include <stdlib.h>
| # include <stddef.h>
| #else
| # ifdef HAVE_STDLIB_H
| #  include <stdlib.h>
| # endif
| #endif
| #ifdef HAVE_STRING_H
| # if !defined STDC_HEADERS && defined HAVE_MEMORY_H
| #  include <memory.h>
| # endif
| # include <string.h>
| #endif
| #ifdef HAVE_STRINGS_H
| # include <strings.h>
| #endif
| #ifdef HAVE_INTTYPES_H
| # include <inttypes.h>
| #endif
| #ifdef HAVE_STDINT_H
| # include <stdint.h>
| #endif
| #ifdef HAVE_UNISTD_H
| # include <unistd.h>
| #endif
| 
| #include <mach-o/dyld.h>
configure:12996: result: no
configure:12951: checking for dirent.h
configure:12972: gcc -c -g -O2  conftest.c >&5
configure:12979: $? = 0
configure:12996: result: yes
configure:13016: checking for closedir
configure:13072: gcc -o conftest -g -O2   conftest.c -ldl  >&5
configure:13079: $? = 0
configure:13101: result: yes
configure:13016: checking for opendir
configure:13072: gcc -o conftest -g -O2   conftest.c -ldl  >&5
configure:13079: $? = 0
configure:13101: result: yes
configure:13016: checking for readdir
configure:13072: gcc -o conftest -g -O2   conftest.c -ldl  >&5
configure:13079: $? = 0
configure:13101: result: yes
configure:13123: checking for strlcat
configure:13179: gcc -o conftest -g -O2   conftest.c -ldl  >&5
/tmp/cctQU4aI.o: In function `main':
/app/encoder/home/iputils/conftest.c:78: undefined reference to `strlcat'
collect2: ld returned 1 exit status
configure:13186: $? = 1
configure: failed program was:
| /* confdefs.h.  */
| #define PACKAGE_NAME "iputils"
| #define PACKAGE_TARNAME "iputils"
| #define PACKAGE_VERSION "0.1"
| #define PACKAGE_STRING "iputils 0.1"
| #define PACKAGE_BUGREPORT "lucas.nishimura@gmail.com"
| #define PACKAGE "pingd"
| #define VERSION "0.1"
| #define STDC_HEADERS 1
| #define HAVE_SYS_TYPES_H 1
| #define HAVE_SYS_STAT_H 1
| #define HAVE_STDLIB_H 1
| #define HAVE_STRING_H 1
| #define HAVE_MEMORY_H 1
| #define HAVE_STRINGS_H 1
| #define HAVE_INTTYPES_H 1
| #define HAVE_STDINT_H 1
| #define HAVE_UNISTD_H 1
| #define HAVE_DLFCN_H 1
| #define LT_OBJDIR ".libs/"
| #define LT_MODULE_EXT ".so"
| #define LT_MODULE_PATH_VAR "LD_LIBRARY_PATH"
| #define LT_DLSEARCH_PATH "/lib64:/usr/lib64:/lib:/usr/lib:/usr/lib64/mysql:/usr/lib64/qt-3.3/lib:/usr/lib64/xulrunner"
| #define HAVE_LIBDL 1
| #define HAVE_DLERROR 1
| #define HAVE_LIBDLLOADER 1
| #define HAVE_ARGZ_H 1
| #define HAVE_ERROR_T 1
| #define HAVE_ARGZ_ADD 1
| #define HAVE_ARGZ_APPEND 1
| #define HAVE_ARGZ_COUNT 1
| #define HAVE_ARGZ_CREATE_SEP 1
| #define HAVE_ARGZ_INSERT 1
| #define HAVE_ARGZ_NEXT 1
| #define HAVE_ARGZ_STRINGIFY 1
| #define HAVE_WORKING_ARGZ 1
| #define HAVE_PRELOADED_SYMBOLS 1
| #define HAVE_UNISTD_H 1
| #define HAVE_DIRENT_H 1
| #define HAVE_CLOSEDIR 1
| #define HAVE_OPENDIR 1
| #define HAVE_READDIR 1
| /* end confdefs.h.  */
| /* Define strlcat to an innocuous variant, in case <limits.h> declares strlcat.
|    For example, HP-UX 11i <limits.h> declares gettimeofday.  */
| #define strlcat innocuous_strlcat
| 
| /* System header to define __stub macros and hopefully few prototypes,
|     which can conflict with char strlcat (); below.
|     Prefer <limits.h> to <assert.h> if __STDC__ is defined, since
|     <limits.h> exists even on freestanding compilers.  */
| 
| #ifdef __STDC__
| # include <limits.h>
| #else
| # include <assert.h>
| #endif
| 
| #undef strlcat
| 
| /* Override any GCC internal prototype to avoid an error.
|    Use char because int might match the return type of a GCC
|    builtin and then its argument prototype would still apply.  */
| #ifdef __cplusplus
| extern "C"
| #endif
| char strlcat ();
| /* The GNU C library defines this for functions which it implements
|     to always fail with ENOSYS.  Some functions are actually named
|     something starting with __ and the normal name is an alias.  */
| #if defined __stub_strlcat || defined __stub___strlcat
| choke me
| #endif
| 
| int
| main ()
| {
| return strlcat ();
|   ;
|   return 0;
| }
configure:13208: result: no
configure:13123: checking for strlcpy
configure:13179: gcc -o conftest -g -O2   conftest.c -ldl  >&5
/tmp/ccknhxZI.o: In function `main':
/app/encoder/home/iputils/conftest.c:78: undefined reference to `strlcpy'
collect2: ld returned 1 exit status
configure:13186: $? = 1
configure: failed program was:
| /* confdefs.h.  */
| #define PACKAGE_NAME "iputils"
| #define PACKAGE_TARNAME "iputils"
| #define PACKAGE_VERSION "0.1"
| #define PACKAGE_STRING "iputils 0.1"
| #define PACKAGE_BUGREPORT "lucas.nishimura@gmail.com"
| #define PACKAGE "pingd"
| #define VERSION "0.1"
| #define STDC_HEADERS 1
| #define HAVE_SYS_TYPES_H 1
| #define HAVE_SYS_STAT_H 1
| #define HAVE_STDLIB_H 1
| #define HAVE_STRING_H 1
| #define HAVE_MEMORY_H 1
| #define HAVE_STRINGS_H 1
| #define HAVE_INTTYPES_H 1
| #define HAVE_STDINT_H 1
| #define HAVE_UNISTD_H 1
| #define HAVE_DLFCN_H 1
| #define LT_OBJDIR ".libs/"
| #define LT_MODULE_EXT ".so"
| #define LT_MODULE_PATH_VAR "LD_LIBRARY_PATH"
| #define LT_DLSEARCH_PATH "/lib64:/usr/lib64:/lib:/usr/lib:/usr/lib64/mysql:/usr/lib64/qt-3.3/lib:/usr/lib64/xulrunner"
| #define HAVE_LIBDL 1
| #define HAVE_DLERROR 1
| #define HAVE_LIBDLLOADER 1
| #define HAVE_ARGZ_H 1
| #define HAVE_ERROR_T 1
| #define HAVE_ARGZ_ADD 1
| #define HAVE_ARGZ_APPEND 1
| #define HAVE_ARGZ_COUNT 1
| #define HAVE_ARGZ_CREATE_SEP 1
| #define HAVE_ARGZ_INSERT 1
| #define HAVE_ARGZ_NEXT 1
| #define HAVE_ARGZ_STRINGIFY 1
| #define HAVE_WORKING_ARGZ 1
| #define HAVE_PRELOADED_SYMBOLS 1
| #define HAVE_UNISTD_H 1
| #define HAVE_DIRENT_H 1
| #define HAVE_CLOSEDIR 1
| #define HAVE_OPENDIR 1
| #define HAVE_READDIR 1
| /* end confdefs.h.  */
| /* Define strlcpy to an innocuous variant, in case <limits.h> declares strlcpy.
|    For example, HP-UX 11i <limits.h> declares gettimeofday.  */
| #define strlcpy innocuous_strlcpy
| 
| /* System header to define __stub macros and hopefully few prototypes,
|     which can conflict with char strlcpy (); below.
|     Prefer <limits.h> to <assert.h> if __STDC__ is defined, since
|     <limits.h> exists even on freestanding compilers.  */
| 
| #ifdef __STDC__
| # include <limits.h>
| #else
| # include <assert.h>
| #endif
| 
| #undef strlcpy
| 
| /* Override any GCC internal prototype to avoid an error.
|    Use char because int might match the return type of a GCC
|    builtin and then its argument prototype would still apply.  */
| #ifdef __cplusplus
| extern "C"
| #endif
| char strlcpy ();
| /* The GNU C library defines this for functions which it implements
|     to always fail with ENOSYS.  Some functions are actually named
|     something starting with __ and the normal name is an alias.  */
| #if defined __stub_strlcpy || defined __stub___strlcpy
| choke me
| #endif
| 
| int
| main ()
| {
| return strlcpy ();
|   ;
|   return 0;
| }
configure:13208: result: no
configure:13252: checking for main in -lcap
configure:13281: gcc -o conftest -g -O2   conftest.c -lcap  -ldl  >&5
configure:13288: $? = 0
configure:13309: result: yes
configure:13322: checking for main in -lcrypto
configure:13351: gcc -o conftest -g -O2   conftest.c -lcrypto  -lcap -ldl  >&5
configure:13358: $? = 0
configure:13379: result: yes
configure:13392: checking for main in -lgcrypt
configure:13421: gcc -o conftest -g -O2   conftest.c -lgcrypt  -lcrypto -lcap -ldl  >&5
configure:13428: $? = 0
configure:13449: result: yes
configure:13462: checking for main in -lidn
configure:13491: gcc -o conftest -g -O2   conftest.c -lidn  -lgcrypt -lcrypto -lcap -ldl  >&5
configure:13498: $? = 0
configure:13519: result: yes
configure:13532: checking for main in -lm
configure:13561: gcc -o conftest -g -O2   conftest.c -lm  -lidn -lgcrypt -lcrypto -lcap -ldl  >&5
configure:13568: $? = 0
configure:13589: result: yes
configure:13602: checking for main in -lnettle
configure:13631: gcc -o conftest -g -O2   conftest.c -lnettle  -lm -lidn -lgcrypt -lcrypto -lcap -ldl  >&5
configure:13638: $? = 0
configure:13659: result: yes
configure:13672: checking for main in -lresolv
configure:13701: gcc -o conftest -g -O2   conftest.c -lresolv  -lnettle -lm -lidn -lgcrypt -lcrypto -lcap -ldl  >&5
configure:13708: $? = 0
configure:13729: result: yes
configure:13742: checking for main in -lrt
configure:13771: gcc -o conftest -g -O2   conftest.c -lrt  -lresolv -lnettle -lm -lidn -lgcrypt -lcrypto -lcap -ldl  >&5
configure:13778: $? = 0
configure:13799: result: yes
configure:13812: checking for main in -lsysfs
configure:13841: gcc -o conftest -g -O2   conftest.c -lsysfs  -lrt -lresolv -lnettle -lm -lidn -lgcrypt -lcrypto -lcap -ldl  >&5
/usr/bin/ld: cannot find -lsysfs
collect2: ld returned 1 exit status
configure:13848: $? = 1
configure: failed program was:
| /* confdefs.h.  */
| #define PACKAGE_NAME "iputils"
| #define PACKAGE_TARNAME "iputils"
| #define PACKAGE_VERSION "0.1"
| #define PACKAGE_STRING "iputils 0.1"
| #define PACKAGE_BUGREPORT "lucas.nishimura@gmail.com"
| #define PACKAGE "pingd"
| #define VERSION "0.1"
| #define STDC_HEADERS 1
| #define HAVE_SYS_TYPES_H 1
| #define HAVE_SYS_STAT_H 1
| #define HAVE_STDLIB_H 1
| #define HAVE_STRING_H 1
| #define HAVE_MEMORY_H 1
| #define HAVE_STRINGS_H 1
| #define HAVE_INTTYPES_H 1
| #define HAVE_STDINT_H 1
| #define HAVE_UNISTD_H 1
| #define HAVE_DLFCN_H 1
| #define LT_OBJDIR ".libs/"
| #define LT_MODULE_EXT ".so"
| #define LT_MODULE_PATH_VAR "LD_LIBRARY_PATH"
| #define LT_DLSEARCH_PATH "/lib64:/usr/lib64:/lib:/usr/lib:/usr/lib64/mysql:/usr/lib64/qt-3.3/lib:/usr/lib64/xulrunner"
| #define HAVE_LIBDL 1
| #define HAVE_DLERROR 1
| #define HAVE_LIBDLLOADER 1
| #define HAVE_ARGZ_H 1
| #define HAVE_ERROR_T 1
| #define HAVE_ARGZ_ADD 1
| #define HAVE_ARGZ_APPEND 1
| #define HAVE_ARGZ_COUNT 1
| #define HAVE_ARGZ_CREATE_SEP 1
| #define HAVE_ARGZ_INSERT 1
| #define HAVE_ARGZ_NEXT 1
| #define HAVE_ARGZ_STRINGIFY 1
| #define HAVE_WORKING_ARGZ 1
| #define HAVE_PRELOADED_SYMBOLS 1
| #define HAVE_UNISTD_H 1
| #define HAVE_DIRENT_H 1
| #define HAVE_CLOSEDIR 1
| #define HAVE_OPENDIR 1
| #define HAVE_READDIR 1
| #define LT_LIBEXT "a"
| #define HAVE_LIBCAP 1
| #define HAVE_LIBCRYPTO 1
| #define HAVE_LIBGCRYPT 1
| #define HAVE_LIBIDN 1
| #define HAVE_LIBM 1
| #define HAVE_LIBNETTLE 1
| #define HAVE_LIBRESOLV 1
| #define HAVE_LIBRT 1
| /* end confdefs.h.  */
| 
| 
| int
| main ()
| {
| return main ();
|   ;
|   return 0;
| }
configure:13869: result: no
configure:13890: checking for sys/types.h
configure:13946: result: yes
configure:13890: checking for netinet/in.h
configure:13922: gcc -c -g -O2  conftest.c >&5
configure:13929: $? = 0
configure:13946: result: yes
configure:13890: checking for arpa/nameser.h
configure:13922: gcc -c -g -O2  conftest.c >&5
configure:13929: $? = 0
configure:13946: result: yes
configure:13890: checking for netdb.h
configure:13922: gcc -c -g -O2  conftest.c >&5
configure:13929: $? = 0
configure:13946: result: yes
configure:13890: checking for resolv.h
configure:13922: gcc -c -g -O2  conftest.c >&5
configure:13929: $? = 0
configure:13946: result: yes
configure:13991: checking arpa/inet.h usability
configure:14008: gcc -c -g -O2  conftest.c >&5
configure:14015: $? = 0
configure:14029: result: yes
configure:14033: checking arpa/inet.h presence
configure:14048: gcc -E  conftest.c
configure:14055: $? = 0
configure:14069: result: yes
configure:14102: checking for arpa/inet.h
configure:14111: result: yes
configure:13991: checking fcntl.h usability
configure:14008: gcc -c -g -O2  conftest.c >&5
configure:14015: $? = 0
configure:14029: result: yes
configure:14033: checking fcntl.h presence
configure:14048: gcc -E  conftest.c
configure:14055: $? = 0
configure:14069: result: yes
configure:14102: checking for fcntl.h
configure:14111: result: yes
configure:13991: checking limits.h usability
configure:14008: gcc -c -g -O2  conftest.c >&5
configure:14015: $? = 0
configure:14029: result: yes
configure:14033: checking limits.h presence
configure:14048: gcc -E  conftest.c
configure:14055: $? = 0
configure:14069: result: yes
configure:14102: checking for limits.h
configure:14111: result: yes
configure:13991: checking locale.h usability
configure:14008: gcc -c -g -O2  conftest.c >&5
configure:14015: $? = 0
configure:14029: result: yes
configure:14033: checking locale.h presence
configure:14048: gcc -E  conftest.c
configure:14055: $? = 0
configure:14069: result: yes
configure:14102: checking for locale.h
configure:14111: result: yes
configure:13991: checking malloc.h usability
configure:14008: gcc -c -g -O2  conftest.c >&5
configure:14015: $? = 0
configure:14029: result: yes
configure:14033: checking malloc.h presence
configure:14048: gcc -E  conftest.c
configure:14055: $? = 0
configure:14069: result: yes
configure:14102: checking for malloc.h
configure:14111: result: yes
configure:13980: checking for netdb.h
configure:13987: result: yes
configure:13980: checking for netinet/in.h
configure:13987: result: yes
configure:13980: checking for stdlib.h
configure:13987: result: yes
configure:13980: checking for string.h
configure:13987: result: yes
configure:13991: checking sys/file.h usability
configure:14008: gcc -c -g -O2  conftest.c >&5
configure:14015: $? = 0
configure:14029: result: yes
configure:14033: checking sys/file.h presence
configure:14048: gcc -E  conftest.c
configure:14055: $? = 0
configure:14069: result: yes
configure:14102: checking for sys/file.h
configure:14111: result: yes
configure:13991: checking sys/ioctl.h usability
configure:14008: gcc -c -g -O2  conftest.c >&5
configure:14015: $? = 0
configure:14029: result: yes
configure:14033: checking sys/ioctl.h presence
configure:14048: gcc -E  conftest.c
configure:14055: $? = 0
configure:14069: result: yes
configure:14102: checking for sys/ioctl.h
configure:14111: result: yes
configure:13991: checking sys/param.h usability
configure:14008: gcc -c -g -O2  conftest.c >&5
configure:14015: $? = 0
configure:14029: result: yes
configure:14033: checking sys/param.h presence
configure:14048: gcc -E  conftest.c
configure:14055: $? = 0
configure:14069: result: yes
configure:14102: checking for sys/param.h
configure:14111: result: yes
configure:13991: checking sys/socket.h usability
configure:14008: gcc -c -g -O2  conftest.c >&5
configure:14015: $? = 0
configure:14029: result: yes
configure:14033: checking sys/socket.h presence
configure:14048: gcc -E  conftest.c
configure:14055: $? = 0
configure:14069: result: yes
configure:14102: checking for sys/socket.h
configure:14111: result: yes
configure:13991: checking sys/time.h usability
configure:14008: gcc -c -g -O2  conftest.c >&5
configure:14015: $? = 0
configure:14029: result: yes
configure:14033: checking sys/time.h presence
configure:14048: gcc -E  conftest.c
configure:14055: $? = 0
configure:14069: result: yes
configure:14102: checking for sys/time.h
configure:14111: result: yes
configure:13991: checking syslog.h usability
configure:14008: gcc -c -g -O2  conftest.c >&5
configure:14015: $? = 0
configure:14029: result: yes
configure:14033: checking syslog.h presence
configure:14048: gcc -E  conftest.c
configure:14055: $? = 0
configure:14069: result: yes
configure:14102: checking for syslog.h
configure:14111: result: yes
configure:13980: checking for unistd.h
configure:13987: result: yes
configure:14128: checking for inline
configure:14154: gcc -c -g -O2  conftest.c >&5
configure:14161: $? = 0
configure:14179: result: inline
configure:14198: checking for off_t
configure:14226: gcc -c -g -O2  conftest.c >&5
configure:14233: $? = 0
configure:14260: gcc -c -g -O2  conftest.c >&5
conftest.c: In function 'main':
conftest.c:110: error: expected expression before ')' token
configure:14267: $? = 1
configure: failed program was:
| /* confdefs.h.  */
| #define PACKAGE_NAME "iputils"
| #define PACKAGE_TARNAME "iputils"
| #define PACKAGE_VERSION "0.1"
| #define PACKAGE_STRING "iputils 0.1"
| #define PACKAGE_BUGREPORT "lucas.nishimura@gmail.com"
| #define PACKAGE "pingd"
| #define VERSION "0.1"
| #define STDC_HEADERS 1
| #define HAVE_SYS_TYPES_H 1
| #define HAVE_SYS_STAT_H 1
| #define HAVE_STDLIB_H 1
| #define HAVE_STRING_H 1
| #define HAVE_MEMORY_H 1
| #define HAVE_STRINGS_H 1
| #define HAVE_INTTYPES_H 1
| #define HAVE_STDINT_H 1
| #define HAVE_UNISTD_H 1
| #define HAVE_DLFCN_H 1
| #define LT_OBJDIR ".libs/"
| #define LT_MODULE_EXT ".so"
| #define LT_MODULE_PATH_VAR "LD_LIBRARY_PATH"
| #define LT_DLSEARCH_PATH "/lib64:/usr/lib64:/lib:/usr/lib:/usr/lib64/mysql:/usr/lib64/qt-3.3/lib:/usr/lib64/xulrunner"
| #define HAVE_LIBDL 1
| #define HAVE_DLERROR 1
| #define HAVE_LIBDLLOADER 1
| #define HAVE_ARGZ_H 1
| #define HAVE_ERROR_T 1
| #define HAVE_ARGZ_ADD 1
| #define HAVE_ARGZ_APPEND 1
| #define HAVE_ARGZ_COUNT 1
| #define HAVE_ARGZ_CREATE_SEP 1
| #define HAVE_ARGZ_INSERT 1
| #define HAVE_ARGZ_NEXT 1
| #define HAVE_ARGZ_STRINGIFY 1
| #define HAVE_WORKING_ARGZ 1
| #define HAVE_PRELOADED_SYMBOLS 1
| #define HAVE_UNISTD_H 1
| #define HAVE_DIRENT_H 1
| #define HAVE_CLOSEDIR 1
| #define HAVE_OPENDIR 1
| #define HAVE_READDIR 1
| #define LT_LIBEXT "a"
| #define HAVE_LIBCAP 1
| #define HAVE_LIBCRYPTO 1
| #define HAVE_LIBGCRYPT 1
| #define HAVE_LIBIDN 1
| #define HAVE_LIBM 1
| #define HAVE_LIBNETTLE 1
| #define HAVE_LIBRESOLV 1
| #define HAVE_LIBRT 1
| #define HAVE_SYS_TYPES_H 1
| #define HAVE_NETINET_IN_H 1
| #define HAVE_ARPA_NAMESER_H 1
| #define HAVE_NETDB_H 1
| #define HAVE_RESOLV_H 1
| #define HAVE_ARPA_INET_H 1
| #define HAVE_FCNTL_H 1
| #define HAVE_LIMITS_H 1
| #define HAVE_LOCALE_H 1
| #define HAVE_MALLOC_H 1
| #define HAVE_NETDB_H 1
| #define HAVE_NETINET_IN_H 1
| #define HAVE_STDLIB_H 1
| #define HAVE_STRING_H 1
| #define HAVE_SYS_FILE_H 1
| #define HAVE_SYS_IOCTL_H 1
| #define HAVE_SYS_PARAM_H 1
| #define HAVE_SYS_SOCKET_H 1
| #define HAVE_SYS_TIME_H 1
| #define HAVE_SYSLOG_H 1
| #define HAVE_UNISTD_H 1
| /* end confdefs.h.  */
| #include <stdio.h>
| #ifdef HAVE_SYS_TYPES_H
| # include <sys/types.h>
| #endif
| #ifdef HAVE_SYS_STAT_H
| # include <sys/stat.h>
| #endif
| #ifdef STDC_HEADERS
| # include <stdlib.h>
| # include <stddef.h>
| #else
| # ifdef HAVE_STDLIB_H
| #  include <stdlib.h>
| # endif
| #endif
| #ifdef HAVE_STRING_H
| # if !defined STDC_HEADERS && defined HAVE_MEMORY_H
| #  include <memory.h>
| # endif
| # include <string.h>
| #endif
| #ifdef HAVE_STRINGS_H
| # include <strings.h>
| #endif
| #ifdef HAVE_INTTYPES_H
| # include <inttypes.h>
| #endif
| #ifdef HAVE_STDINT_H
| # include <stdint.h>
| #endif
| #ifdef HAVE_UNISTD_H
| # include <unistd.h>
| #endif
| int
| main ()
| {
| if (sizeof ((off_t)))
| 	  return 0;
|   ;
|   return 0;
| }
configure:14290: result: yes
configure:14302: checking for pid_t
configure:14330: gcc -c -g -O2  conftest.c >&5
configure:14337: $? = 0
configure:14364: gcc -c -g -O2  conftest.c >&5
conftest.c: In function 'main':
conftest.c:110: error: expected expression before ')' token
configure:14371: $? = 1
configure: failed program was:
| /* confdefs.h.  */
| #define PACKAGE_NAME "iputils"
| #define PACKAGE_TARNAME "iputils"
| #define PACKAGE_VERSION "0.1"
| #define PACKAGE_STRING "iputils 0.1"
| #define PACKAGE_BUGREPORT "lucas.nishimura@gmail.com"
| #define PACKAGE "pingd"
| #define VERSION "0.1"
| #define STDC_HEADERS 1
| #define HAVE_SYS_TYPES_H 1
| #define HAVE_SYS_STAT_H 1
| #define HAVE_STDLIB_H 1
| #define HAVE_STRING_H 1
| #define HAVE_MEMORY_H 1
| #define HAVE_STRINGS_H 1
| #define HAVE_INTTYPES_H 1
| #define HAVE_STDINT_H 1
| #define HAVE_UNISTD_H 1
| #define HAVE_DLFCN_H 1
| #define LT_OBJDIR ".libs/"
| #define LT_MODULE_EXT ".so"
| #define LT_MODULE_PATH_VAR "LD_LIBRARY_PATH"
| #define LT_DLSEARCH_PATH "/lib64:/usr/lib64:/lib:/usr/lib:/usr/lib64/mysql:/usr/lib64/qt-3.3/lib:/usr/lib64/xulrunner"
| #define HAVE_LIBDL 1
| #define HAVE_DLERROR 1
| #define HAVE_LIBDLLOADER 1
| #define HAVE_ARGZ_H 1
| #define HAVE_ERROR_T 1
| #define HAVE_ARGZ_ADD 1
| #define HAVE_ARGZ_APPEND 1
| #define HAVE_ARGZ_COUNT 1
| #define HAVE_ARGZ_CREATE_SEP 1
| #define HAVE_ARGZ_INSERT 1
| #define HAVE_ARGZ_NEXT 1
| #define HAVE_ARGZ_STRINGIFY 1
| #define HAVE_WORKING_ARGZ 1
| #define HAVE_PRELOADED_SYMBOLS 1
| #define HAVE_UNISTD_H 1
| #define HAVE_DIRENT_H 1
| #define HAVE_CLOSEDIR 1
| #define HAVE_OPENDIR 1
| #define HAVE_READDIR 1
| #define LT_LIBEXT "a"
| #define HAVE_LIBCAP 1
| #define HAVE_LIBCRYPTO 1
| #define HAVE_LIBGCRYPT 1
| #define HAVE_LIBIDN 1
| #define HAVE_LIBM 1
| #define HAVE_LIBNETTLE 1
| #define HAVE_LIBRESOLV 1
| #define HAVE_LIBRT 1
| #define HAVE_SYS_TYPES_H 1
| #define HAVE_NETINET_IN_H 1
| #define HAVE_ARPA_NAMESER_H 1
| #define HAVE_NETDB_H 1
| #define HAVE_RESOLV_H 1
| #define HAVE_ARPA_INET_H 1
| #define HAVE_FCNTL_H 1
| #define HAVE_LIMITS_H 1
| #define HAVE_LOCALE_H 1
| #define HAVE_MALLOC_H 1
| #define HAVE_NETDB_H 1
| #define HAVE_NETINET_IN_H 1
| #define HAVE_STDLIB_H 1
| #define HAVE_STRING_H 1
| #define HAVE_SYS_FILE_H 1
| #define HAVE_SYS_IOCTL_H 1
| #define HAVE_SYS_PARAM_H 1
| #define HAVE_SYS_SOCKET_H 1
| #define HAVE_SYS_TIME_H 1
| #define HAVE_SYSLOG_H 1
| #define HAVE_UNISTD_H 1
| /* end confdefs.h.  */
| #include <stdio.h>
| #ifdef HAVE_SYS_TYPES_H
| # include <sys/types.h>
| #endif
| #ifdef HAVE_SYS_STAT_H
| # include <sys/stat.h>
| #endif
| #ifdef STDC_HEADERS
| # include <stdlib.h>
| # include <stddef.h>
| #else
| # ifdef HAVE_STDLIB_H
| #  include <stdlib.h>
| # endif
| #endif
| #ifdef HAVE_STRING_H
| # if !defined STDC_HEADERS && defined HAVE_MEMORY_H
| #  include <memory.h>
| # endif
| # include <string.h>
| #endif
| #ifdef HAVE_STRINGS_H
| # include <strings.h>
| #endif
| #ifdef HAVE_INTTYPES_H
| # include <inttypes.h>
| #endif
| #ifdef HAVE_STDINT_H
| # include <stdint.h>
| #endif
| #ifdef HAVE_UNISTD_H
| # include <unistd.h>
| #endif
| int
| main ()
| {
| if (sizeof ((pid_t)))
| 	  return 0;
|   ;
|   return 0;
| }
configure:14394: result: yes
configure:14406: checking for size_t
configure:14434: gcc -c -g -O2  conftest.c >&5
configure:14441: $? = 0
configure:14468: gcc -c -g -O2  conftest.c >&5
conftest.c: In function 'main':
conftest.c:110: error: expected expression before ')' token
configure:14475: $? = 1
configure: failed program was:
| /* confdefs.h.  */
| #define PACKAGE_NAME "iputils"
| #define PACKAGE_TARNAME "iputils"
| #define PACKAGE_VERSION "0.1"
| #define PACKAGE_STRING "iputils 0.1"
| #define PACKAGE_BUGREPORT "lucas.nishimura@gmail.com"
| #define PACKAGE "pingd"
| #define VERSION "0.1"
| #define STDC_HEADERS 1
| #define HAVE_SYS_TYPES_H 1
| #define HAVE_SYS_STAT_H 1
| #define HAVE_STDLIB_H 1
| #define HAVE_STRING_H 1
| #define HAVE_MEMORY_H 1
| #define HAVE_STRINGS_H 1
| #define HAVE_INTTYPES_H 1
| #define HAVE_STDINT_H 1
| #define HAVE_UNISTD_H 1
| #define HAVE_DLFCN_H 1
| #define LT_OBJDIR ".libs/"
| #define LT_MODULE_EXT ".so"
| #define LT_MODULE_PATH_VAR "LD_LIBRARY_PATH"
| #define LT_DLSEARCH_PATH "/lib64:/usr/lib64:/lib:/usr/lib:/usr/lib64/mysql:/usr/lib64/qt-3.3/lib:/usr/lib64/xulrunner"
| #define HAVE_LIBDL 1
| #define HAVE_DLERROR 1
| #define HAVE_LIBDLLOADER 1
| #define HAVE_ARGZ_H 1
| #define HAVE_ERROR_T 1
| #define HAVE_ARGZ_ADD 1
| #define HAVE_ARGZ_APPEND 1
| #define HAVE_ARGZ_COUNT 1
| #define HAVE_ARGZ_CREATE_SEP 1
| #define HAVE_ARGZ_INSERT 1
| #define HAVE_ARGZ_NEXT 1
| #define HAVE_ARGZ_STRINGIFY 1
| #define HAVE_WORKING_ARGZ 1
| #define HAVE_PRELOADED_SYMBOLS 1
| #define HAVE_UNISTD_H 1
| #define HAVE_DIRENT_H 1
| #define HAVE_CLOSEDIR 1
| #define HAVE_OPENDIR 1
| #define HAVE_READDIR 1
| #define LT_LIBEXT "a"
| #define HAVE_LIBCAP 1
| #define HAVE_LIBCRYPTO 1
| #define HAVE_LIBGCRYPT 1
| #define HAVE_LIBIDN 1
| #define HAVE_LIBM 1
| #define HAVE_LIBNETTLE 1
| #define HAVE_LIBRESOLV 1
| #define HAVE_LIBRT 1
| #define HAVE_SYS_TYPES_H 1
| #define HAVE_NETINET_IN_H 1
| #define HAVE_ARPA_NAMESER_H 1
| #define HAVE_NETDB_H 1
| #define HAVE_RESOLV_H 1
| #define HAVE_ARPA_INET_H 1
| #define HAVE_FCNTL_H 1
| #define HAVE_LIMITS_H 1
| #define HAVE_LOCALE_H 1
| #define HAVE_MALLOC_H 1
| #define HAVE_NETDB_H 1
| #define HAVE_NETINET_IN_H 1
| #define HAVE_STDLIB_H 1
| #define HAVE_STRING_H 1
| #define HAVE_SYS_FILE_H 1
| #define HAVE_SYS_IOCTL_H 1
| #define HAVE_SYS_PARAM_H 1
| #define HAVE_SYS_SOCKET_H 1
| #define HAVE_SYS_TIME_H 1
| #define HAVE_SYSLOG_H 1
| #define HAVE_UNISTD_H 1
| /* end confdefs.h.  */
| #include <stdio.h>
| #ifdef HAVE_SYS_TYPES_H
| # include <sys/types.h>
| #endif
| #ifdef HAVE_SYS_STAT_H
| # include <sys/stat.h>
| #endif
| #ifdef STDC_HEADERS
| # include <stdlib.h>
| # include <stddef.h>
| #else
| # ifdef HAVE_STDLIB_H
| #  include <stdlib.h>
| # endif
| #endif
| #ifdef HAVE_STRING_H
| # if !defined STDC_HEADERS && defined HAVE_MEMORY_H
| #  include <memory.h>
| # endif
| # include <string.h>
| #endif
| #ifdef HAVE_STRINGS_H
| # include <strings.h>
| #endif
| #ifdef HAVE_INTTYPES_H
| # include <inttypes.h>
| #endif
| #ifdef HAVE_STDINT_H
| # include <stdint.h>
| #endif
| #ifdef HAVE_UNISTD_H
| # include <unistd.h>
| #endif
| int
| main ()
| {
| if (sizeof ((size_t)))
| 	  return 0;
|   ;
|   return 0;
| }
configure:14498: result: yes
configure:14510: checking for ssize_t
configure:14538: gcc -c -g -O2  conftest.c >&5
configure:14545: $? = 0
configure:14572: gcc -c -g -O2  conftest.c >&5
conftest.c: In function 'main':
conftest.c:110: error: expected expression before ')' token
configure:14579: $? = 1
configure: failed program was:
| /* confdefs.h.  */
| #define PACKAGE_NAME "iputils"
| #define PACKAGE_TARNAME "iputils"
| #define PACKAGE_VERSION "0.1"
| #define PACKAGE_STRING "iputils 0.1"
| #define PACKAGE_BUGREPORT "lucas.nishimura@gmail.com"
| #define PACKAGE "pingd"
| #define VERSION "0.1"
| #define STDC_HEADERS 1
| #define HAVE_SYS_TYPES_H 1
| #define HAVE_SYS_STAT_H 1
| #define HAVE_STDLIB_H 1
| #define HAVE_STRING_H 1
| #define HAVE_MEMORY_H 1
| #define HAVE_STRINGS_H 1
| #define HAVE_INTTYPES_H 1
| #define HAVE_STDINT_H 1
| #define HAVE_UNISTD_H 1
| #define HAVE_DLFCN_H 1
| #define LT_OBJDIR ".libs/"
| #define LT_MODULE_EXT ".so"
| #define LT_MODULE_PATH_VAR "LD_LIBRARY_PATH"
| #define LT_DLSEARCH_PATH "/lib64:/usr/lib64:/lib:/usr/lib:/usr/lib64/mysql:/usr/lib64/qt-3.3/lib:/usr/lib64/xulrunner"
| #define HAVE_LIBDL 1
| #define HAVE_DLERROR 1
| #define HAVE_LIBDLLOADER 1
| #define HAVE_ARGZ_H 1
| #define HAVE_ERROR_T 1
| #define HAVE_ARGZ_ADD 1
| #define HAVE_ARGZ_APPEND 1
| #define HAVE_ARGZ_COUNT 1
| #define HAVE_ARGZ_CREATE_SEP 1
| #define HAVE_ARGZ_INSERT 1
| #define HAVE_ARGZ_NEXT 1
| #define HAVE_ARGZ_STRINGIFY 1
| #define HAVE_WORKING_ARGZ 1
| #define HAVE_PRELOADED_SYMBOLS 1
| #define HAVE_UNISTD_H 1
| #define HAVE_DIRENT_H 1
| #define HAVE_CLOSEDIR 1
| #define HAVE_OPENDIR 1
| #define HAVE_READDIR 1
| #define LT_LIBEXT "a"
| #define HAVE_LIBCAP 1
| #define HAVE_LIBCRYPTO 1
| #define HAVE_LIBGCRYPT 1
| #define HAVE_LIBIDN 1
| #define HAVE_LIBM 1
| #define HAVE_LIBNETTLE 1
| #define HAVE_LIBRESOLV 1
| #define HAVE_LIBRT 1
| #define HAVE_SYS_TYPES_H 1
| #define HAVE_NETINET_IN_H 1
| #define HAVE_ARPA_NAMESER_H 1
| #define HAVE_NETDB_H 1
| #define HAVE_RESOLV_H 1
| #define HAVE_ARPA_INET_H 1
| #define HAVE_FCNTL_H 1
| #define HAVE_LIMITS_H 1
| #define HAVE_LOCALE_H 1
| #define HAVE_MALLOC_H 1
| #define HAVE_NETDB_H 1
| #define HAVE_NETINET_IN_H 1
| #define HAVE_STDLIB_H 1
| #define HAVE_STRING_H 1
| #define HAVE_SYS_FILE_H 1
| #define HAVE_SYS_IOCTL_H 1
| #define HAVE_SYS_PARAM_H 1
| #define HAVE_SYS_SOCKET_H 1
| #define HAVE_SYS_TIME_H 1
| #define HAVE_SYSLOG_H 1
| #define HAVE_UNISTD_H 1
| /* end confdefs.h.  */
| #include <stdio.h>
| #ifdef HAVE_SYS_TYPES_H
| # include <sys/types.h>
| #endif
| #ifdef HAVE_SYS_STAT_H
| # include <sys/stat.h>
| #endif
| #ifdef STDC_HEADERS
| # include <stdlib.h>
| # include <stddef.h>
| #else
| # ifdef HAVE_STDLIB_H
| #  include <stdlib.h>
| # endif
| #endif
| #ifdef HAVE_STRING_H
| # if !defined STDC_HEADERS && defined HAVE_MEMORY_H
| #  include <memory.h>
| # endif
| # include <string.h>
| #endif
| #ifdef HAVE_STRINGS_H
| # include <strings.h>
| #endif
| #ifdef HAVE_INTTYPES_H
| # include <inttypes.h>
| #endif
| #ifdef HAVE_STDINT_H
| # include <stdint.h>
| #endif
| #ifdef HAVE_UNISTD_H
| # include <unistd.h>
| #endif
| int
| main ()
| {
| if (sizeof ((ssize_t)))
| 	  return 0;
|   ;
|   return 0;
| }
configure:14602: result: yes
configure:14614: checking for uid_t in sys/types.h
configure:14637: result: yes
configure:14653: checking for uint16_t
configure:14684: gcc -c -g -O2  conftest.c >&5
configure:14691: $? = 0
configure:14712: result: yes
configure:14726: checking for uint32_t
configure:14757: gcc -c -g -O2  conftest.c >&5
configure:14764: $? = 0
configure:14785: result: yes
configure:14820: checking vfork.h usability
configure:14837: gcc -c -g -O2  conftest.c >&5
conftest.c:107:19: error: vfork.h: No such file or directory
configure:14844: $? = 1
configure: failed program was:
| /* confdefs.h.  */
| #define PACKAGE_NAME "iputils"
| #define PACKAGE_TARNAME "iputils"
| #define PACKAGE_VERSION "0.1"
| #define PACKAGE_STRING "iputils 0.1"
| #define PACKAGE_BUGREPORT "lucas.nishimura@gmail.com"
| #define PACKAGE "pingd"
| #define VERSION "0.1"
| #define STDC_HEADERS 1
| #define HAVE_SYS_TYPES_H 1
| #define HAVE_SYS_STAT_H 1
| #define HAVE_STDLIB_H 1
| #define HAVE_STRING_H 1
| #define HAVE_MEMORY_H 1
| #define HAVE_STRINGS_H 1
| #define HAVE_INTTYPES_H 1
| #define HAVE_STDINT_H 1
| #define HAVE_UNISTD_H 1
| #define HAVE_DLFCN_H 1
| #define LT_OBJDIR ".libs/"
| #define LT_MODULE_EXT ".so"
| #define LT_MODULE_PATH_VAR "LD_LIBRARY_PATH"
| #define LT_DLSEARCH_PATH "/lib64:/usr/lib64:/lib:/usr/lib:/usr/lib64/mysql:/usr/lib64/qt-3.3/lib:/usr/lib64/xulrunner"
| #define HAVE_LIBDL 1
| #define HAVE_DLERROR 1
| #define HAVE_LIBDLLOADER 1
| #define HAVE_ARGZ_H 1
| #define HAVE_ERROR_T 1
| #define HAVE_ARGZ_ADD 1
| #define HAVE_ARGZ_APPEND 1
| #define HAVE_ARGZ_COUNT 1
| #define HAVE_ARGZ_CREATE_SEP 1
| #define HAVE_ARGZ_INSERT 1
| #define HAVE_ARGZ_NEXT 1
| #define HAVE_ARGZ_STRINGIFY 1
| #define HAVE_WORKING_ARGZ 1
| #define HAVE_PRELOADED_SYMBOLS 1
| #define HAVE_UNISTD_H 1
| #define HAVE_DIRENT_H 1
| #define HAVE_CLOSEDIR 1
| #define HAVE_OPENDIR 1
| #define HAVE_READDIR 1
| #define LT_LIBEXT "a"
| #define HAVE_LIBCAP 1
| #define HAVE_LIBCRYPTO 1
| #define HAVE_LIBGCRYPT 1
| #define HAVE_LIBIDN 1
| #define HAVE_LIBM 1
| #define HAVE_LIBNETTLE 1
| #define HAVE_LIBRESOLV 1
| #define HAVE_LIBRT 1
| #define HAVE_SYS_TYPES_H 1
| #define HAVE_NETINET_IN_H 1
| #define HAVE_ARPA_NAMESER_H 1
| #define HAVE_NETDB_H 1
| #define HAVE_RESOLV_H 1
| #define HAVE_ARPA_INET_H 1
| #define HAVE_FCNTL_H 1
| #define HAVE_LIMITS_H 1
| #define HAVE_LOCALE_H 1
| #define HAVE_MALLOC_H 1
| #define HAVE_NETDB_H 1
| #define HAVE_NETINET_IN_H 1
| #define HAVE_STDLIB_H 1
| #define HAVE_STRING_H 1
| #define HAVE_SYS_FILE_H 1
| #define HAVE_SYS_IOCTL_H 1
| #define HAVE_SYS_PARAM_H 1
| #define HAVE_SYS_SOCKET_H 1
| #define HAVE_SYS_TIME_H 1
| #define HAVE_SYSLOG_H 1
| #define HAVE_UNISTD_H 1
| /* end confdefs.h.  */
| #include <stdio.h>
| #ifdef HAVE_SYS_TYPES_H
| # include <sys/types.h>
| #endif
| #ifdef HAVE_SYS_STAT_H
| # include <sys/stat.h>
| #endif
| #ifdef STDC_HEADERS
| # include <stdlib.h>
| # include <stddef.h>
| #else
| # ifdef HAVE_STDLIB_H
| #  include <stdlib.h>
| # endif
| #endif
| #ifdef HAVE_STRING_H
| # if !defined STDC_HEADERS && defined HAVE_MEMORY_H
| #  include <memory.h>
| # endif
| # include <string.h>
| #endif
| #ifdef HAVE_STRINGS_H
| # include <strings.h>
| #endif
| #ifdef HAVE_INTTYPES_H
| # include <inttypes.h>
| #endif
| #ifdef HAVE_STDINT_H
| # include <stdint.h>
| #endif
| #ifdef HAVE_UNISTD_H
| # include <unistd.h>
| #endif
| #include <vfork.h>
configure:14858: result: no
configure:14862: checking vfork.h presence
configure:14877: gcc -E  conftest.c
conftest.c:74:19: error: vfork.h: No such file or directory
configure:14884: $? = 1
configure: failed program was:
| /* confdefs.h.  */
| #define PACKAGE_NAME "iputils"
| #define PACKAGE_TARNAME "iputils"
| #define PACKAGE_VERSION "0.1"
| #define PACKAGE_STRING "iputils 0.1"
| #define PACKAGE_BUGREPORT "lucas.nishimura@gmail.com"
| #define PACKAGE "pingd"
| #define VERSION "0.1"
| #define STDC_HEADERS 1
| #define HAVE_SYS_TYPES_H 1
| #define HAVE_SYS_STAT_H 1
| #define HAVE_STDLIB_H 1
| #define HAVE_STRING_H 1
| #define HAVE_MEMORY_H 1
| #define HAVE_STRINGS_H 1
| #define HAVE_INTTYPES_H 1
| #define HAVE_STDINT_H 1
| #define HAVE_UNISTD_H 1
| #define HAVE_DLFCN_H 1
| #define LT_OBJDIR ".libs/"
| #define LT_MODULE_EXT ".so"
| #define LT_MODULE_PATH_VAR "LD_LIBRARY_PATH"
| #define LT_DLSEARCH_PATH "/lib64:/usr/lib64:/lib:/usr/lib:/usr/lib64/mysql:/usr/lib64/qt-3.3/lib:/usr/lib64/xulrunner"
| #define HAVE_LIBDL 1
| #define HAVE_DLERROR 1
| #define HAVE_LIBDLLOADER 1
| #define HAVE_ARGZ_H 1
| #define HAVE_ERROR_T 1
| #define HAVE_ARGZ_ADD 1
| #define HAVE_ARGZ_APPEND 1
| #define HAVE_ARGZ_COUNT 1
| #define HAVE_ARGZ_CREATE_SEP 1
| #define HAVE_ARGZ_INSERT 1
| #define HAVE_ARGZ_NEXT 1
| #define HAVE_ARGZ_STRINGIFY 1
| #define HAVE_WORKING_ARGZ 1
| #define HAVE_PRELOADED_SYMBOLS 1
| #define HAVE_UNISTD_H 1
| #define HAVE_DIRENT_H 1
| #define HAVE_CLOSEDIR 1
| #define HAVE_OPENDIR 1
| #define HAVE_READDIR 1
| #define LT_LIBEXT "a"
| #define HAVE_LIBCAP 1
| #define HAVE_LIBCRYPTO 1
| #define HAVE_LIBGCRYPT 1
| #define HAVE_LIBIDN 1
| #define HAVE_LIBM 1
| #define HAVE_LIBNETTLE 1
| #define HAVE_LIBRESOLV 1
| #define HAVE_LIBRT 1
| #define HAVE_SYS_TYPES_H 1
| #define HAVE_NETINET_IN_H 1
| #define HAVE_ARPA_NAMESER_H 1
| #define HAVE_NETDB_H 1
| #define HAVE_RESOLV_H 1
| #define HAVE_ARPA_INET_H 1
| #define HAVE_FCNTL_H 1
| #define HAVE_LIMITS_H 1
| #define HAVE_LOCALE_H 1
| #define HAVE_MALLOC_H 1
| #define HAVE_NETDB_H 1
| #define HAVE_NETINET_IN_H 1
| #define HAVE_STDLIB_H 1
| #define HAVE_STRING_H 1
| #define HAVE_SYS_FILE_H 1
| #define HAVE_SYS_IOCTL_H 1
| #define HAVE_SYS_PARAM_H 1
| #define HAVE_SYS_SOCKET_H 1
| #define HAVE_SYS_TIME_H 1
| #define HAVE_SYSLOG_H 1
| #define HAVE_UNISTD_H 1
| /* end confdefs.h.  */
| #include <vfork.h>
configure:14898: result: no
configure:14931: checking for vfork.h
configure:14940: result: no
configure:14960: checking for fork
configure:15016: gcc -o conftest -g -O2   conftest.c -lrt -lresolv -lnettle -lm -lidn -lgcrypt -lcrypto -lcap -ldl  >&5
conftest.c:97: warning: conflicting types for built-in function 'fork'
configure:15023: $? = 0
configure:15045: result: yes
configure:14960: checking for vfork
configure:15016: gcc -o conftest -g -O2   conftest.c -lrt -lresolv -lnettle -lm -lidn -lgcrypt -lcrypto -lcap -ldl  >&5
configure:15023: $? = 0
configure:15045: result: yes
configure:15058: checking for working fork
configure:15090: gcc -o conftest -g -O2   conftest.c -lrt -lresolv -lnettle -lm -lidn -lgcrypt -lcrypto -lcap -ldl  >&5
configure:15094: $? = 0
configure:15100: ./conftest
configure:15104: $? = 0
configure:15121: result: yes
configure:15142: checking for working vfork
configure:15283: result: yes
configure:15319: checking for stdlib.h
configure:15326: result: yes
configure:15465: checking for GNU libc compatible malloc
configure:15499: gcc -o conftest -g -O2   conftest.c -lrt -lresolv -lnettle -lm -lidn -lgcrypt -lcrypto -lcap -ldl  >&5
configure:15503: $? = 0
configure:15509: ./conftest
configure:15513: $? = 0
configure:15530: result: yes
configure:15558: checking for working strtod
configure:15609: gcc -o conftest -g -O2   conftest.c -lrt -lresolv -lnettle -lm -lidn -lgcrypt -lcrypto -lcap -ldl  >&5
configure:15613: $? = 0
configure:15619: ./conftest
configure:15623: $? = 0
configure:15640: result: yes
configure:15832: checking for alarm
configure:15888: gcc -o conftest -g -O2   conftest.c -lrt -lresolv -lnettle -lm -lidn -lgcrypt -lcrypto -lcap -ldl  >&5
configure:15895: $? = 0
configure:15917: result: yes
configure:15832: checking for clock_gettime
configure:15888: gcc -o conftest -g -O2   conftest.c -lrt -lresolv -lnettle -lm -lidn -lgcrypt -lcrypto -lcap -ldl  >&5
configure:15895: $? = 0
configure:15917: result: yes
configure:15832: checking for dup2
configure:15888: gcc -o conftest -g -O2   conftest.c -lrt -lresolv -lnettle -lm -lidn -lgcrypt -lcrypto -lcap -ldl  >&5
configure:15895: $? = 0
configure:15917: result: yes
configure:15832: checking for gethostbyname
configure:15888: gcc -o conftest -g -O2   conftest.c -lrt -lresolv -lnettle -lm -lidn -lgcrypt -lcrypto -lcap -ldl  >&5
configure:15895: $? = 0
configure:15917: result: yes
configure:15832: checking for gethostname
configure:15888: gcc -o conftest -g -O2   conftest.c -lrt -lresolv -lnettle -lm -lidn -lgcrypt -lcrypto -lcap -ldl  >&5
configure:15895: $? = 0
configure:15917: result: yes
configure:15832: checking for gettimeofday
configure:15888: gcc -o conftest -g -O2   conftest.c -lrt -lresolv -lnettle -lm -lidn -lgcrypt -lcrypto -lcap -ldl  >&5
configure:15895: $? = 0
configure:15917: result: yes
configure:15832: checking for inet_ntoa
configure:15888: gcc -o conftest -g -O2   conftest.c -lrt -lresolv -lnettle -lm -lidn -lgcrypt -lcrypto -lcap -ldl  >&5
configure:15895: $? = 0
configure:15917: result: yes
configure:15832: checking for memchr
configure:15888: gcc -o conftest -g -O2   conftest.c -lrt -lresolv -lnettle -lm -lidn -lgcrypt -lcrypto -lcap -ldl  >&5
conftest.c:110: warning: conflicting types for built-in function 'memchr'
configure:15895: $? = 0
configure:15917: result: yes
configure:15832: checking for memset
configure:15888: gcc -o conftest -g -O2   conftest.c -lrt -lresolv -lnettle -lm -lidn -lgcrypt -lcrypto -lcap -ldl  >&5
conftest.c:111: warning: conflicting types for built-in function 'memset'
configure:15895: $? = 0
configure:15917: result: yes
configure:15832: checking for select
configure:15888: gcc -o conftest -g -O2   conftest.c -lrt -lresolv -lnettle -lm -lidn -lgcrypt -lcrypto -lcap -ldl  >&5
configure:15895: $? = 0
configure:15917: result: yes
configure:15832: checking for setlocale
configure:15888: gcc -o conftest -g -O2   conftest.c -lrt -lresolv -lnettle -lm -lidn -lgcrypt -lcrypto -lcap -ldl  >&5
configure:15895: $? = 0
configure:15917: result: yes
configure:15832: checking for socket
configure:15888: gcc -o conftest -g -O2   conftest.c -lrt -lresolv -lnettle -lm -lidn -lgcrypt -lcrypto -lcap -ldl  >&5
configure:15895: $? = 0
configure:15917: result: yes
configure:15832: checking for strchr
configure:15888: gcc -o conftest -g -O2   conftest.c -lrt -lresolv -lnettle -lm -lidn -lgcrypt -lcrypto -lcap -ldl  >&5
conftest.c:115: warning: conflicting types for built-in function 'strchr'
configure:15895: $? = 0
configure:15917: result: yes
configure:15832: checking for strdup
configure:15888: gcc -o conftest -g -O2   conftest.c -lrt -lresolv -lnettle -lm -lidn -lgcrypt -lcrypto -lcap -ldl  >&5
conftest.c:116: warning: conflicting types for built-in function 'strdup'
configure:15895: $? = 0
configure:15917: result: yes
configure:15832: checking for strerror
configure:15888: gcc -o conftest -g -O2   conftest.c -lrt -lresolv -lnettle -lm -lidn -lgcrypt -lcrypto -lcap -ldl  >&5
configure:15895: $? = 0
configure:15917: result: yes
configure:15832: checking for strtol
configure:15888: gcc -o conftest -g -O2   conftest.c -lrt -lresolv -lnettle -lm -lidn -lgcrypt -lcrypto -lcap -ldl  >&5
configure:15895: $? = 0
configure:15917: result: yes
configure:15832: checking for strtoul
configure:15888: gcc -o conftest -g -O2   conftest.c -lrt -lresolv -lnettle -lm -lidn -lgcrypt -lcrypto -lcap -ldl  >&5
configure:15895: $? = 0
configure:15917: result: yes
configure:16091: creating ./config.status

## ---------------------- ##
## Running config.status. ##
## ---------------------- ##

This file was extended by iputils config.status 0.1, which was
generated by GNU Autoconf 2.63.  Invocation command line was

  CONFIG_FILES    = 
  CONFIG_HEADERS  = 
  CONFIG_LINKS    = 
  CONFIG_COMMANDS = 
  $ ./config.status 

on lucas.mgmt.gvt.net.br

config.status:1082: creating src/lib/Makefile
config.status:1082: creating Makefile
config.status:1082: creating src/Makefile
config.status:1082: creating config.h
config.status:1304: config.h is unchanged
config.status:1356: executing depfiles commands
config.status:1356: executing libtool commands
configure:18386: === configuring in lib/libconfig (/app/encoder/home/iputils/lib/libconfig)
configure:18489: running /bin/sh ./configure --disable-option-checking '--prefix=/usr/local'  '--enable-ltdl-convenience' --cache-file=/dev/null --srcdir=.
configure:18386: === configuring in src/ninfod (/app/encoder/home/iputils/src/ninfod)
configure:18489: running /bin/sh ./configure --disable-option-checking '--prefix=/usr/local'  '--enable-ltdl-convenience' --cache-file=/dev/null --srcdir=.

## ---------------- ##
## Cache variables. ##
## ---------------- ##

ac_cv_build=x86_64-unknown-linux-gnu
ac_cv_c_compiler_gnu=yes
ac_cv_c_inline=inline
ac_cv_c_uint16_t=yes
ac_cv_c_uint32_t=yes
ac_cv_env_CC_set=
ac_cv_env_CC_value=
ac_cv_env_CFLAGS_set=
ac_cv_env_CFLAGS_value=
ac_cv_env_CPPFLAGS_set=
ac_cv_env_CPPFLAGS_value=
ac_cv_env_CPP_set=
ac_cv_env_CPP_value=
ac_cv_env_LDFLAGS_set=
ac_cv_env_LDFLAGS_value=
ac_cv_env_LIBS_set=
ac_cv_env_LIBS_value=
ac_cv_env_build_alias_set=
ac_cv_env_build_alias_value=
ac_cv_env_host_alias_set=
ac_cv_env_host_alias_value=
ac_cv_env_target_alias_set=
ac_cv_env_target_alias_value=
ac_cv_func_alarm=yes
ac_cv_func_argz_add=yes
ac_cv_func_argz_append=yes
ac_cv_func_argz_count=yes
ac_cv_func_argz_create_sep=yes
ac_cv_func_argz_insert=yes
ac_cv_func_argz_next=yes
ac_cv_func_argz_stringify=yes
ac_cv_func_clock_gettime=yes
ac_cv_func_closedir=yes
ac_cv_func_dlerror=yes
ac_cv_func_dlopen=no
ac_cv_func_dup2=yes
ac_cv_func_fork=yes
ac_cv_func_fork_works=yes
ac_cv_func_gethostbyname=yes
ac_cv_func_gethostname=yes
ac_cv_func_gettimeofday=yes
ac_cv_func_inet_ntoa=yes
ac_cv_func_malloc_0_nonnull=yes
ac_cv_func_memchr=yes
ac_cv_func_memset=yes
ac_cv_func_opendir=yes
ac_cv_func_readdir=yes
ac_cv_func_select=yes
ac_cv_func_setlocale=yes
ac_cv_func_shl_load=no
ac_cv_func_socket=yes
ac_cv_func_strchr=yes
ac_cv_func_strdup=yes
ac_cv_func_strerror=yes
ac_cv_func_strlcat=no
ac_cv_func_strlcpy=no
ac_cv_func_strtod=yes
ac_cv_func_strtol=yes
ac_cv_func_strtoul=yes
ac_cv_func_vfork=yes
ac_cv_func_vfork_works=yes
ac_cv_header_argz_h=yes
ac_cv_header_arpa_inet_h=yes
ac_cv_header_arpa_nameser_h=yes
ac_cv_header_dirent_h=yes
ac_cv_header_dl_h=no
ac_cv_header_dld_h=no
ac_cv_header_dlfcn_h=yes
ac_cv_header_fcntl_h=yes
ac_cv_header_inttypes_h=yes
ac_cv_header_limits_h=yes
ac_cv_header_locale_h=yes
ac_cv_header_ltdl_h=no
ac_cv_header_mach_o_dyld_h=no
ac_cv_header_malloc_h=yes
ac_cv_header_memory_h=yes
ac_cv_header_netdb_h=yes
ac_cv_header_netinet_in_h=yes
ac_cv_header_resolv_h=yes
ac_cv_header_stdc=yes
ac_cv_header_stdint_h=yes
ac_cv_header_stdlib_h=yes
ac_cv_header_string_h=yes
ac_cv_header_strings_h=yes
ac_cv_header_sys_dl_h=no
ac_cv_header_sys_file_h=yes
ac_cv_header_sys_ioctl_h=yes
ac_cv_header_sys_param_h=yes
ac_cv_header_sys_socket_h=yes
ac_cv_header_sys_stat_h=yes
ac_cv_header_sys_time_h=yes
ac_cv_header_sys_types_h=yes
ac_cv_header_syslog_h=yes
ac_cv_header_unistd_h=yes
ac_cv_header_vfork_h=no
ac_cv_host=x86_64-unknown-linux-gnu
ac_cv_lib_cap_main=yes
ac_cv_lib_crypto_main=yes
ac_cv_lib_dl_dlopen=yes
ac_cv_lib_dld_dld_link=no
ac_cv_lib_dld_shl_load=no
ac_cv_lib_gcrypt_main=yes
ac_cv_lib_idn_main=yes
ac_cv_lib_m_main=yes
ac_cv_lib_nettle_main=yes
ac_cv_lib_resolv_main=yes
ac_cv_lib_rt_main=yes
ac_cv_lib_sysfs_main=no
ac_cv_objext=o
ac_cv_path_EGREP='/bin/grep -E'
ac_cv_path_FGREP='/bin/grep -F'
ac_cv_path_GREP=/bin/grep
ac_cv_path_SED=/bin/sed
ac_cv_path_install='/usr/bin/install -c'
ac_cv_path_mkdir=/bin/mkdir
ac_cv_prog_AWK=gawk
ac_cv_prog_CPP='gcc -E'
ac_cv_prog_ac_ct_AR=ar
ac_cv_prog_ac_ct_CC=gcc
ac_cv_prog_ac_ct_OBJDUMP=objdump
ac_cv_prog_ac_ct_RANLIB=ranlib
ac_cv_prog_ac_ct_STRIP=strip
ac_cv_prog_cc_c89=
ac_cv_prog_cc_g=yes
ac_cv_prog_make_make_set=yes
ac_cv_search_dlopen=-ldl
ac_cv_type_error_t=yes
ac_cv_type_off_t=yes
ac_cv_type_pid_t=yes
ac_cv_type_size_t=yes
ac_cv_type_ssize_t=yes
ac_cv_type_uid_t=yes
am_cv_CC_dependencies_compiler_type=gcc3
libltdl_cv_lib_dl_dlopen=yes
libltdl_cv_preloaded_symbols=yes
libltdl_cv_shlibext=.so
lt_cv_deplibs_check_method=pass_all
lt_cv_dlopen=dlopen
lt_cv_dlopen_libs=-ldl
lt_cv_dlopen_self=yes
lt_cv_dlopen_self_static=yes
lt_cv_file_magic_cmd='$MAGIC_CMD'
lt_cv_file_magic_test_file=
lt_cv_ld_reload_flag=-r
lt_cv_module_path_var=LD_LIBRARY_PATH
lt_cv_nm_interface='BSD nm'
lt_cv_objdir=.libs
lt_cv_path_LD=/usr/bin/ld
lt_cv_path_NM='/usr/bin/nm -B'
lt_cv_prog_compiler_c_o=yes
lt_cv_prog_compiler_pic_works=yes
lt_cv_prog_compiler_rtti_exceptions=no
lt_cv_prog_compiler_static_works=no
lt_cv_prog_gnu_ld=yes
lt_cv_sys_argz_works=yes
lt_cv_sys_dlopen_deplibs=yes
lt_cv_sys_dlsearch_path='/lib64 /usr/lib64 /lib /usr/lib /usr/lib64/mysql /usr/lib64/qt-3.3/lib /usr/lib64/xulrunner '
lt_cv_sys_global_symbol_pipe='sed -n -e '\''s/^.*[	 ]\([ABCDGIRSTW][ABCDGIRSTW]*\)[	 ][	 ]*\([_A-Za-z][_A-Za-z0-9]*\)$/\1 \2 \2/p'\'''
lt_cv_sys_global_symbol_to_c_name_address='sed -n -e '\''s/^: \([^ ]*\) $/  {\"\1\", (void *) 0},/p'\'' -e '\''s/^[ABCDGIRSTW]* \([^ ]*\) \([^ ]*\)$/  {"\2", (void *) \&\2},/p'\'''
lt_cv_sys_global_symbol_to_c_name_address_lib_prefix='sed -n -e '\''s/^: \([^ ]*\) $/  {\"\1\", (void *) 0},/p'\'' -e '\''s/^[ABCDGIRSTW]* \([^ ]*\) \(lib[^ ]*\)$/  {"\2", (void *) \&\2},/p'\'' -e '\''s/^[ABCDGIRSTW]* \([^ ]*\) \([^ ]*\)$/  {"lib\2", (void *) \&\2},/p'\'''
lt_cv_sys_global_symbol_to_cdecl='sed -n -e '\''s/^T .* \(.*\)$/extern int \1();/p'\'' -e '\''s/^[ABCDGIRSTW]* .* \(.*\)$/extern char \1;/p'\'''
lt_cv_sys_max_cmd_len=1966080
lt_cv_sys_symbol_underscore=no

## ----------------- ##
## Output variables. ##
## ----------------- ##

ACLOCAL='${SHELL} /app/encoder/home/iputils/missing --run aclocal-1.11'
AMDEPBACKSLASH='\'
AMDEP_FALSE='#'
AMDEP_TRUE=''
AMTAR='${SHELL} /app/encoder/home/iputils/missing --run tar'
AR='ar'
ARGZ_H=''
AUTOCONF='${SHELL} /app/encoder/home/iputils/missing --run autoconf'
AUTOHEADER='${SHELL} /app/encoder/home/iputils/missing --run autoheader'
AUTOMAKE='${SHELL} /app/encoder/home/iputils/missing --run automake-1.11'
AWK='gawk'
CC='gcc'
CCDEPMODE='depmode=gcc3'
CFLAGS='-g -O2'
CONVENIENCE_LTDL_FALSE='#'
CONVENIENCE_LTDL_TRUE=''
CPP='gcc -E'
CPPFLAGS=''
CYGPATH_W='echo'
DEFS='-DHAVE_CONFIG_H'
DEPDIR='.deps'
DSYMUTIL=''
DUMPBIN=''
ECHO_C=''
ECHO_N='-n'
ECHO_T=''
EGREP='/bin/grep -E'
EXEEXT=''
FGREP='/bin/grep -F'
GREP='/bin/grep'
INCLTDL='-I${top_srcdir}/libltdl'
INSTALL_DATA='${INSTALL} -m 644'
INSTALL_LTDL_FALSE=''
INSTALL_LTDL_TRUE='#'
INSTALL_PROGRAM='${INSTALL}'
INSTALL_SCRIPT='${INSTALL}'
INSTALL_STRIP_PROGRAM='$(install_sh) -c -s'
LD='/usr/bin/ld -m elf_x86_64'
LDFLAGS=''
LIBADD_DL='-ldl '
LIBADD_DLD_LINK=''
LIBADD_DLOPEN='-ldl'
LIBADD_SHL_LOAD=''
LIBLTDL='${top_build_prefix}libltdl/libltdlc.la'
LIBOBJS=''
LIBS='-lrt -lresolv -lnettle -lm -lidn -lgcrypt -lcrypto -lcap -ldl '
LIBTOOL='$(SHELL) $(top_builddir)/libtool'
LIPO=''
LN_S='ln -s'
LTDLDEPS='${top_build_prefix}libltdl/libltdlc.la'
LTDLINCL='-I${top_srcdir}/libltdl'
LTDLOPEN='libltdl'
LTLIBOBJS=''
LT_CONFIG_H='config.h'
LT_DLLOADERS=' dlopen.la'
LT_DLPREOPEN='-dlpreopen dlopen.la '
MAKEINFO='${SHELL} /app/encoder/home/iputils/missing --run makeinfo'
MKDIR_P='/bin/mkdir -p'
NM='/usr/bin/nm -B'
NMEDIT=''
OBJDUMP='objdump'
OBJEXT='o'
OTOOL64=''
OTOOL=''
PACKAGE='pingd'
PACKAGE_BUGREPORT='lucas.nishimura@gmail.com'
PACKAGE_NAME='iputils'
PACKAGE_STRING='iputils 0.1'
PACKAGE_TARNAME='iputils'
PACKAGE_VERSION='0.1'
PATH_SEPARATOR=':'
POW_LIB=''
RANLIB='ranlib'
SED='/bin/sed'
SET_MAKE=''
SHELL='/bin/sh'
STRIP='strip'
VERSION='0.1'
ac_ct_CC='gcc'
ac_ct_DUMPBIN=''
am__EXEEXT_FALSE=''
am__EXEEXT_TRUE='#'
am__fastdepCC_FALSE='#'
am__fastdepCC_TRUE=''
am__include='include'
am__isrc=''
am__leading_dot='.'
am__quote=''
am__tar='${AMTAR} chof - "$$tardir"'
am__untar='${AMTAR} xf -'
bindir='${exec_prefix}/bin'
build='x86_64-unknown-linux-gnu'
build_alias=''
build_cpu='x86_64'
build_os='linux-gnu'
build_vendor='unknown'
datadir='${datarootdir}'
datarootdir='${prefix}/share'
docdir='${datarootdir}/doc/${PACKAGE_TARNAME}'
dvidir='${docdir}'
exec_prefix='${prefix}'
host='x86_64-unknown-linux-gnu'
host_alias=''
host_cpu='x86_64'
host_os='linux-gnu'
host_vendor='unknown'
htmldir='${docdir}'
includedir='${prefix}/include'
infodir='${datarootdir}/info'
install_sh='${SHELL} /app/encoder/home/iputils/install-sh'
libdir='${exec_prefix}/lib'
libexecdir='${exec_prefix}/libexec'
localedir='${datarootdir}/locale'
localstatedir='${prefix}/var'
lt_ECHO='echo'
ltdl_LIBOBJS=' lt__strl.o'
ltdl_LTLIBOBJS=' lt__strl.lo'
mandir='${datarootdir}/man'
mkdir_p='/bin/mkdir -p'
oldincludedir='/usr/include'
pdfdir='${docdir}'
prefix='/usr/local'
program_transform_name='s,x,x,'
psdir='${docdir}'
sbindir='${exec_prefix}/sbin'
sharedstatedir='${prefix}/com'
subdirs=' lib/libconfig src/ninfod'
sys_symbol_underscore='no'
sysconfdir='${prefix}/etc'
target_alias=''

## ----------- ##
## confdefs.h. ##
## ----------- ##

#define PACKAGE_NAME "iputils"
#define PACKAGE_TARNAME "iputils"
#define PACKAGE_VERSION "0.1"
#define PACKAGE_STRING "iputils 0.1"
#define PACKAGE_BUGREPORT "lucas.nishimura@gmail.com"
#define PACKAGE "pingd"
#define VERSION "0.1"
#define STDC_HEADERS 1
#define HAVE_SYS_TYPES_H 1
#define HAVE_SYS_STAT_H 1
#define HAVE_STDLIB_H 1
#define HAVE_STRING_H 1
#define HAVE_MEMORY_H 1
#define HAVE_STRINGS_H 1
#define HAVE_INTTYPES_H 1
#define HAVE_STDINT_H 1
#define HAVE_UNISTD_H 1
#define HAVE_DLFCN_H 1
#define LT_OBJDIR ".libs/"
#define LT_MODULE_EXT ".so"
#define LT_MODULE_PATH_VAR "LD_LIBRARY_PATH"
#define LT_DLSEARCH_PATH "/lib64:/usr/lib64:/lib:/usr/lib:/usr/lib64/mysql:/usr/lib64/qt-3.3/lib:/usr/lib64/xulrunner"
#define HAVE_LIBDL 1
#define HAVE_DLERROR 1
#define HAVE_LIBDLLOADER 1
#define HAVE_ARGZ_H 1
#define HAVE_ERROR_T 1
#define HAVE_ARGZ_ADD 1
#define HAVE_ARGZ_APPEND 1
#define HAVE_ARGZ_COUNT 1
#define HAVE_ARGZ_CREATE_SEP 1
#define HAVE_ARGZ_INSERT 1
#define HAVE_ARGZ_NEXT 1
#define HAVE_ARGZ_STRINGIFY 1
#define HAVE_WORKING_ARGZ 1
#define HAVE_PRELOADED_SYMBOLS 1
#define HAVE_UNISTD_H 1
#define HAVE_DIRENT_H 1
#define HAVE_CLOSEDIR 1
#define HAVE_OPENDIR 1
#define HAVE_READDIR 1
#define LT_LIBEXT "a"
#define HAVE_LIBCAP 1
#define HAVE_LIBCRYPTO 1
#define HAVE_LIBGCRYPT 1
#define HAVE_LIBIDN 1
#define HAVE_LIBM 1
#define HAVE_LIBNETTLE 1
#define HAVE_LIBRESOLV 1
#define HAVE_LIBRT 1
#define HAVE_SYS_TYPES_H 1
#define HAVE_NETINET_IN_H 1
#define HAVE_ARPA_NAMESER_H 1
#define HAVE_NETDB_H 1
#define HAVE_RESOLV_H 1
#define HAVE_ARPA_INET_H 1
#define HAVE_FCNTL_H 1
#define HAVE_LIMITS_H 1
#define HAVE_LOCALE_H 1
#define HAVE_MALLOC_H 1
#define HAVE_NETDB_H 1
#define HAVE_NETINET_IN_H 1
#define HAVE_STDLIB_H 1
#define HAVE_STRING_H 1
#define HAVE_SYS_FILE_H 1
#define HAVE_SYS_IOCTL_H 1
#define HAVE_SYS_PARAM_H 1
#define HAVE_SYS_SOCKET_H 1
#define HAVE_SYS_TIME_H 1
#define HAVE_SYSLOG_H 1
#define HAVE_UNISTD_H 1
#define HAVE_FORK 1
#define HAVE_VFORK 1
#define HAVE_WORKING_VFORK 1
#define HAVE_WORKING_FORK 1
#define HAVE_STDLIB_H 1
#define HAVE_MALLOC 1
#define HAVE_ALARM 1
#define HAVE_CLOCK_GETTIME 1
#define HAVE_DUP2 1
#define HAVE_GETHOSTBYNAME 1
#define HAVE_GETHOSTNAME 1
#define HAVE_GETTIMEOFDAY 1
#define HAVE_INET_NTOA 1
#define HAVE_MEMCHR 1
#define HAVE_MEMSET 1
#define HAVE_SELECT 1
#define HAVE_SETLOCALE 1
#define HAVE_SOCKET 1
#define HAVE_STRCHR 1
#define HAVE_STRDUP 1
#define HAVE_STRERROR 1
#define HAVE_STRTOL 1
#define HAVE_STRTOUL 1

configure: exit 0
